This file contains any messages produced by compilers while
running configure, to aid debugging if configure makes a mistake.

It was created by libmicrohttpd configure 0.9.34, which was
generated by GNU Autoconf 2.69.  Invocation command line was

  $ ./configure 

## --------- ##
## Platform. ##
## --------- ##

hostname = Declans-MacBook-Air.local
uname -m = x86_64
uname -r = 13.1.0
uname -s = Darwin
uname -v = Darwin Kernel Version 13.1.0: Thu Jan 16 19:40:37 PST 2014; root:xnu-2422.90.20~2/RELEASE_X86_64

/usr/bin/uname -p = i386
/bin/uname -X     = unknown

/bin/arch              = unknown
/usr/bin/arch -k       = unknown
/usr/convex/getsysinfo = unknown
/usr/bin/hostinfo      = Mach kernel version:
	 Darwin Kernel Version 13.1.0: Thu Jan 16 19:40:37 PST 2014; root:xnu-2422.90.20~2/RELEASE_X86_64
Kernel configured for up to 4 processors.
2 processors are physically available.
4 processors are logically available.
Processor type: i486 (Intel 80486)
Processors active: 0 1 2 3
Primary memory available: 8.00 gigabytes
Default processor set: 186 tasks, 1155 threads, 4 processors
Load average: 1.54, Mach factor: 2.45
/bin/machine           = unknown
/usr/bin/oslevel       = unknown
/bin/universe          = unknown

PATH: /usr/bin
PATH: /bin
PATH: /usr/sbin
PATH: /sbin
PATH: /usr/local/bin
PATH: /opt/X11/bin


## ----------- ##
## Core tests. ##
## ----------- ##

configure:2477: checking for a BSD-compatible install
configure:2545: result: /usr/bin/install -c
configure:2556: checking whether build environment is sane
configure:2606: result: yes
configure:2747: checking for a thread-safe mkdir -p
configure:2786: result: ./install-sh -c -d
configure:2799: checking for gawk
configure:2829: result: no
configure:2799: checking for mawk
configure:2829: result: no
configure:2799: checking for nawk
configure:2829: result: no
configure:2799: checking for awk
configure:2815: found /usr/bin/awk
configure:2826: result: awk
configure:2837: checking whether make sets $(MAKE)
configure:2859: result: yes
configure:2888: checking whether make supports nested variables
configure:2905: result: yes
configure:3023: checking for gawk
configure:3050: result: awk
configure:3062: checking whether ln -s works
configure:3066: result: yes
configure:3073: checking whether make sets $(MAKE)
configure:3095: result: yes
configure:3108: checking build system type
configure:3122: result: x86_64-apple-darwin13.1.0
configure:3142: checking host system type
configure:3155: result: x86_64-apple-darwin13.1.0
configure:3187: checking for style of include used by make
configure:3215: result: GNU
configure:3286: checking for gcc
configure:3302: found /usr/bin/gcc
configure:3313: result: gcc
configure:3542: checking for C compiler version
configure:3551: gcc --version >&5
Apple LLVM version 5.1 (clang-503.0.38) (based on LLVM 3.4svn)
Target: x86_64-apple-darwin13.1.0
Thread model: posix
Configured with: --prefix=/Library/Developer/CommandLineTools/usr --with-gxx-include-dir=/usr/include/c++/4.2.1
configure:3562: $? = 0
configure:3551: gcc -v >&5
Configured with: --prefix=/Library/Developer/CommandLineTools/usr --with-gxx-include-dir=/usr/include/c++/4.2.1
Apple LLVM version 5.1 (clang-503.0.38) (based on LLVM 3.4svn)
Target: x86_64-apple-darwin13.1.0
Thread model: posix
configure:3562: $? = 0
configure:3551: gcc -V >&5
clang: error: argument to '-V' is missing (expected 1 value)
clang: error: no input files
configure:3562: $? = 1
configure:3551: gcc -qversion >&5
clang: error: unknown argument: '-qversion' [-Wunused-command-line-argument-hard-error-in-future]
clang: note: this will be a hard error (cannot be downgraded to a warning) in the future
clang: error: no input files
configure:3562: $? = 1
configure:3582: checking whether the C compiler works
configure:3604: gcc    conftest.c  >&5
configure:3608: $? = 0
configure:3656: result: yes
configure:3659: checking for C compiler default output file name
configure:3661: result: a.out
configure:3667: checking for suffix of executables
configure:3674: gcc -o conftest    conftest.c  >&5
configure:3678: $? = 0
configure:3700: result: 
configure:3722: checking whether we are cross compiling
configure:3730: gcc -o conftest    conftest.c  >&5
configure:3734: $? = 0
configure:3741: ./conftest
configure:3745: $? = 0
configure:3760: result: no
configure:3765: checking for suffix of object files
configure:3787: gcc -c   conftest.c >&5
configure:3791: $? = 0
configure:3812: result: o
configure:3816: checking whether we are using the GNU C compiler
configure:3835: gcc -c   conftest.c >&5
configure:3835: $? = 0
configure:3844: result: yes
configure:3853: checking whether gcc accepts -g
configure:3873: gcc -c -g  conftest.c >&5
configure:3873: $? = 0
configure:3914: result: yes
configure:3931: checking for gcc option to accept ISO C89
configure:3994: gcc  -c -g -O2  conftest.c >&5
configure:3994: $? = 0
configure:4007: result: none needed
configure:4029: checking dependency style of gcc
configure:4140: result: gcc3
configure:4156: checking whether gcc and cc understand -c and -o together
configure:4187: gcc -c conftest.c -o conftest2.o >&5
configure:4191: $? = 0
configure:4197: gcc -c conftest.c -o conftest2.o >&5
configure:4201: $? = 0
configure:4212: cc -c conftest.c >&5
configure:4216: $? = 0
configure:4224: cc -c conftest.c -o conftest2.o >&5
configure:4228: $? = 0
configure:4234: cc -c conftest.c -o conftest2.o >&5
configure:4238: $? = 0
configure:4256: result: yes
configure:4327: checking how to print strings
configure:4354: result: printf
configure:4375: checking for a sed that does not truncate output
configure:4439: result: /usr/bin/sed
configure:4457: checking for grep that handles long lines and -e
configure:4515: result: /usr/bin/grep
configure:4520: checking for egrep
configure:4582: result: /usr/bin/grep -E
configure:4587: checking for fgrep
configure:4649: result: /usr/bin/grep -F
configure:4684: checking for ld used by gcc
configure:4751: result: /Library/Developer/CommandLineTools/usr/bin/ld
configure:4758: checking if the linker (/Library/Developer/CommandLineTools/usr/bin/ld) is GNU ld
configure:4773: result: no
configure:4785: checking for BSD- or MS-compatible name lister (nm)
configure:4834: result: /usr/bin/nm
configure:4964: checking the name lister (/usr/bin/nm) interface
configure:4971: gcc -c -g -O2  conftest.c >&5
configure:4974: /usr/bin/nm "conftest.o"
configure:4977: output
0000000000000240 S _some_variable
configure:4984: result: BSD nm
configure:4988: checking the maximum length of command line arguments
configure:5118: result: 196608
configure:5135: checking whether the shell understands some XSI constructs
configure:5145: result: yes
configure:5149: checking whether the shell understands "+="
configure:5155: result: yes
configure:5190: checking how to convert x86_64-apple-darwin13.1.0 file names to x86_64-apple-darwin13.1.0 format
configure:5230: result: func_convert_file_noop
configure:5237: checking how to convert x86_64-apple-darwin13.1.0 file names to toolchain format
configure:5257: result: func_convert_file_noop
configure:5264: checking for /Library/Developer/CommandLineTools/usr/bin/ld option to reload object files
configure:5271: result: -r
configure:5345: checking for objdump
configure:5375: result: no
configure:5401: checking how to recognize dependent libraries
configure:5599: result: pass_all
configure:5684: checking for dlltool
configure:5714: result: no
configure:5741: checking how to associate runtime and link libraries
configure:5768: result: printf %s\n
configure:5829: checking for ar
configure:5845: found /usr/bin/ar
configure:5856: result: ar
configure:5893: checking for archiver @FILE support
configure:5910: gcc -c -g -O2  conftest.c >&5
configure:5910: $? = 0
configure:5913: ar cru libconftest.a @conftest.lst >&5
ar: @conftest.lst: No such file or directory
configure:5916: $? = 1
configure:5936: result: no
configure:5994: checking for strip
configure:6010: found /usr/bin/strip
configure:6021: result: strip
configure:6093: checking for ranlib
configure:6109: found /usr/bin/ranlib
configure:6120: result: ranlib
configure:6222: checking command to parse /usr/bin/nm output from gcc object
configure:6342: gcc -c -g -O2  conftest.c >&5
configure:6345: $? = 0
configure:6349: /usr/bin/nm conftest.o \| sed -n -e 's/^.*[ ]\([BCDEGRST][BCDEGRST]*\)[ ][ ]*\([_A-Za-z][_A-Za-z0-9]*\)$/\1 \2 \2/p' | sed '/ __gnu_lto/d' \> conftest.nm
configure:6352: $? = 0
cannot find nm_test_var in conftest.nm
configure:6342: gcc -c -g -O2  conftest.c >&5
configure:6345: $? = 0
configure:6349: /usr/bin/nm conftest.o \| sed -n -e 's/^.*[ ]\([BCDEGRST][BCDEGRST]*\)[ ][ ]*_\([_A-Za-z][_A-Za-z0-9]*\)$/\1 _\2 \2/p' | sed '/ __gnu_lto/d' \> conftest.nm
configure:6352: $? = 0
configure:6418: gcc -o conftest -g -O2   conftest.c conftstm.o >&5
configure:6421: $? = 0
configure:6459: result: ok
configure:6496: checking for sysroot
configure:6526: result: no
configure:6782: checking for mt
configure:6812: result: no
configure:6832: checking if : is a manifest tool
configure:6838: : '-?'
configure:6846: result: no
configure:6902: checking for dsymutil
configure:6918: found /usr/bin/dsymutil
configure:6929: result: dsymutil
configure:6994: checking for nmedit
configure:7010: found /usr/bin/nmedit
configure:7021: result: nmedit
configure:7086: checking for lipo
configure:7102: found /usr/bin/lipo
configure:7113: result: lipo
configure:7178: checking for otool
configure:7194: found /usr/bin/otool
configure:7205: result: otool
configure:7270: checking for otool64
configure:7300: result: no
configure:7345: checking for -single_module linker flag
gcc -g -O2  -o libconftest.dylib -dynamiclib -Wl,-single_module conftest.c
configure:7378: result: yes
configure:7381: checking for -exported_symbols_list linker flag
configure:7401: gcc -o conftest -g -O2   -Wl,-exported_symbols_list,conftest.sym conftest.c  >&5
configure:7401: $? = 0
configure:7411: result: yes
configure:7414: checking for -force_load linker flag
gcc -g -O2 -c -o conftest.o conftest.c
ar cru libconftest.a conftest.o
ranlib libconftest.a
gcc -g -O2  -o conftest conftest.c -Wl,-force_load,./libconftest.a
configure:7446: result: yes
configure:7488: checking how to run the C preprocessor
configure:7519: gcc -E  conftest.c
configure:7519: $? = 0
configure:7533: gcc -E  conftest.c
conftest.c:11:10: fatal error: 'ac_nonexistent.h' file not found
#include <ac_nonexistent.h>
         ^
1 error generated.
configure:7533: $? = 1
configure: failed program was:
| /* confdefs.h */
| #define PACKAGE_NAME "libmicrohttpd"
| #define PACKAGE_TARNAME "libmicrohttpd"
| #define PACKAGE_VERSION "0.9.34"
| #define PACKAGE_STRING "libmicrohttpd 0.9.34"
| #define PACKAGE_BUGREPORT "libmicrohttpd@gnu.org"
| #define PACKAGE_URL ""
| #define PACKAGE "libmicrohttpd"
| #define VERSION "0.9.34"
| /* end confdefs.h.  */
| #include <ac_nonexistent.h>
configure:7558: result: gcc -E
configure:7578: gcc -E  conftest.c
configure:7578: $? = 0
configure:7592: gcc -E  conftest.c
conftest.c:11:10: fatal error: 'ac_nonexistent.h' file not found
#include <ac_nonexistent.h>
         ^
1 error generated.
configure:7592: $? = 1
configure: failed program was:
| /* confdefs.h */
| #define PACKAGE_NAME "libmicrohttpd"
| #define PACKAGE_TARNAME "libmicrohttpd"
| #define PACKAGE_VERSION "0.9.34"
| #define PACKAGE_STRING "libmicrohttpd 0.9.34"
| #define PACKAGE_BUGREPORT "libmicrohttpd@gnu.org"
| #define PACKAGE_URL ""
| #define PACKAGE "libmicrohttpd"
| #define VERSION "0.9.34"
| /* end confdefs.h.  */
| #include <ac_nonexistent.h>
configure:7621: checking for ANSI C header files
configure:7641: gcc -c -g -O2  conftest.c >&5
configure:7641: $? = 0
configure:7714: gcc -o conftest -g -O2   conftest.c  >&5
configure:7714: $? = 0
configure:7714: ./conftest
configure:7714: $? = 0
configure:7725: result: yes
configure:7738: checking for sys/types.h
configure:7738: gcc -c -g -O2  conftest.c >&5
configure:7738: $? = 0
configure:7738: result: yes
configure:7738: checking for sys/stat.h
configure:7738: gcc -c -g -O2  conftest.c >&5
configure:7738: $? = 0
configure:7738: result: yes
configure:7738: checking for stdlib.h
configure:7738: gcc -c -g -O2  conftest.c >&5
configure:7738: $? = 0
configure:7738: result: yes
configure:7738: checking for string.h
configure:7738: gcc -c -g -O2  conftest.c >&5
configure:7738: $? = 0
configure:7738: result: yes
configure:7738: checking for memory.h
configure:7738: gcc -c -g -O2  conftest.c >&5
configure:7738: $? = 0
configure:7738: result: yes
configure:7738: checking for strings.h
configure:7738: gcc -c -g -O2  conftest.c >&5
configure:7738: $? = 0
configure:7738: result: yes
configure:7738: checking for inttypes.h
configure:7738: gcc -c -g -O2  conftest.c >&5
configure:7738: $? = 0
configure:7738: result: yes
configure:7738: checking for stdint.h
configure:7738: gcc -c -g -O2  conftest.c >&5
configure:7738: $? = 0
configure:7738: result: yes
configure:7738: checking for unistd.h
configure:7738: gcc -c -g -O2  conftest.c >&5
configure:7738: $? = 0
configure:7738: result: yes
configure:7752: checking for dlfcn.h
configure:7752: gcc -c -g -O2  conftest.c >&5
configure:7752: $? = 0
configure:7752: result: yes
configure:8256: checking for objdir
configure:8271: result: .libs
configure:8538: checking if gcc supports -fno-rtti -fno-exceptions
configure:8556: gcc -c -g -O2  -fno-rtti -fno-exceptions conftest.c >&5
configure:8560: $? = 0
configure:8573: result: yes
configure:8900: checking for gcc option to produce PIC
configure:8907: result: -fno-common -DPIC
configure:8915: checking if gcc PIC flag -fno-common -DPIC works
configure:8933: gcc -c -g -O2  -fno-common -DPIC -DPIC conftest.c >&5
configure:8937: $? = 0
configure:8950: result: yes
configure:8979: checking if gcc static flag -static works
configure:9007: result: no
configure:9022: checking if gcc supports -c -o file.o
configure:9043: gcc -c -g -O2  -o out/conftest2.o conftest.c >&5
configure:9047: $? = 0
configure:9069: result: yes
configure:9077: checking if gcc supports -c -o file.o
configure:9124: result: yes
configure:9157: checking whether the gcc linker (/Library/Developer/CommandLineTools/usr/bin/ld) supports shared libraries
configure:10314: result: yes
configure:10554: checking dynamic linker characteristics
configure:11288: result: darwin13.1.0 dyld
configure:11395: checking how to hardcode library paths into programs
configure:11420: result: immediate
configure:11960: checking whether stripping libraries is possible
configure:11974: result: yes
configure:12000: checking if libtool supports shared libraries
configure:12002: result: yes
configure:12005: checking whether to build shared libraries
configure:12026: result: yes
configure:12029: checking whether to build static libraries
configure:12033: result: yes
configure:12113: checking for windres
configure:12143: result: no
configure:12247: checking whether byte ordering is bigendian
configure:12262: gcc -c -g -O2  conftest.c >&5
configure:12262: $? = 0
configure:12307: gcc -c -g -O2  conftest.c >&5
configure:12307: $? = 0
configure:12325: gcc -c -g -O2  conftest.c >&5
conftest.c:30:4: error: use of undeclared identifier 'not'
                 not big endian
                 ^
1 error generated.
configure:12325: $? = 1
configure: failed program was:
| /* confdefs.h */
| #define PACKAGE_NAME "libmicrohttpd"
| #define PACKAGE_TARNAME "libmicrohttpd"
| #define PACKAGE_VERSION "0.9.34"
| #define PACKAGE_STRING "libmicrohttpd 0.9.34"
| #define PACKAGE_BUGREPORT "libmicrohttpd@gnu.org"
| #define PACKAGE_URL ""
| #define PACKAGE "libmicrohttpd"
| #define VERSION "0.9.34"
| #define STDC_HEADERS 1
| #define HAVE_SYS_TYPES_H 1
| #define HAVE_SYS_STAT_H 1
| #define HAVE_STDLIB_H 1
| #define HAVE_STRING_H 1
| #define HAVE_MEMORY_H 1
| #define HAVE_STRINGS_H 1
| #define HAVE_INTTYPES_H 1
| #define HAVE_STDINT_H 1
| #define HAVE_UNISTD_H 1
| #define HAVE_DLFCN_H 1
| #define LT_OBJDIR ".libs/"
| /* end confdefs.h.  */
| #include <sys/types.h>
| 		#include <sys/param.h>
| 
| int
| main ()
| {
| #if BYTE_ORDER != BIG_ENDIAN
| 		 not big endian
| 		#endif
| 
|   ;
|   return 0;
| }
configure:12453: result: no
configure:12481: checking for struct sockaddr_in.sin_len
configure:12481: gcc -c -g -O2  conftest.c >&5
configure:12481: $? = 0
configure:12481: result: yes
configure:12497: checking for curl
configure:12513: found /usr/bin/curl
configure:12525: result: true
configure:12543: checking for makeinfo
configure:12559: found /usr/bin/makeinfo
configure:12571: result: true
configure:12974: gcc -o conftest -no-cpp-precomp -fno-common -fno-strict-aliasing -g -O2   conftest.c  >&5
configure:12974: $? = 0
configure:12976: result: yes
configure:13152: checking fcntl.h usability
configure:13152: gcc -c -no-cpp-precomp -fno-common -fno-strict-aliasing -g -O2  conftest.c >&5
configure:13152: $? = 0
configure:13152: result: yes
configure:13152: checking fcntl.h presence
configure:13152: gcc -E  conftest.c
configure:13152: $? = 0
configure:13152: result: yes
configure:13152: checking for fcntl.h
configure:13152: result: yes
configure:13152: checking math.h usability
configure:13152: gcc -c -no-cpp-precomp -fno-common -fno-strict-aliasing -g -O2  conftest.c >&5
configure:13152: $? = 0
configure:13152: result: yes
configure:13152: checking math.h presence
configure:13152: gcc -E  conftest.c
configure:13152: $? = 0
configure:13152: result: yes
configure:13152: checking for math.h
configure:13152: result: yes
configure:13152: checking errno.h usability
configure:13152: gcc -c -no-cpp-precomp -fno-common -fno-strict-aliasing -g -O2  conftest.c >&5
configure:13152: $? = 0
configure:13152: result: yes
configure:13152: checking errno.h presence
configure:13152: gcc -E  conftest.c
configure:13152: $? = 0
configure:13152: result: yes
configure:13152: checking for errno.h
configure:13152: result: yes
configure:13152: checking limits.h usability
configure:13152: gcc -c -no-cpp-precomp -fno-common -fno-strict-aliasing -g -O2  conftest.c >&5
configure:13152: $? = 0
configure:13152: result: yes
configure:13152: checking limits.h presence
configure:13152: gcc -E  conftest.c
configure:13152: $? = 0
configure:13152: result: yes
configure:13152: checking for limits.h
configure:13152: result: yes
configure:13152: checking stdio.h usability
configure:13152: gcc -c -no-cpp-precomp -fno-common -fno-strict-aliasing -g -O2  conftest.c >&5
configure:13152: $? = 0
configure:13152: result: yes
configure:13152: checking stdio.h presence
configure:13152: gcc -E  conftest.c
configure:13152: $? = 0
configure:13152: result: yes
configure:13152: checking for stdio.h
configure:13152: result: yes
configure:13152: checking locale.h usability
configure:13152: gcc -c -no-cpp-precomp -fno-common -fno-strict-aliasing -g -O2  conftest.c >&5
configure:13152: $? = 0
configure:13152: result: yes
configure:13152: checking locale.h presence
configure:13152: gcc -E  conftest.c
configure:13152: $? = 0
configure:13152: result: yes
configure:13152: checking for locale.h
configure:13152: result: yes
configure:13152: checking for sys/stat.h
configure:13152: result: yes
configure:13152: checking for sys/types.h
configure:13152: result: yes
configure:13152: checking pthread.h usability
configure:13152: gcc -c -no-cpp-precomp -fno-common -fno-strict-aliasing -g -O2  conftest.c >&5
configure:13152: $? = 0
configure:13152: result: yes
configure:13152: checking pthread.h presence
configure:13152: gcc -E  conftest.c
configure:13152: $? = 0
configure:13152: result: yes
configure:13152: checking for pthread.h
configure:13152: result: yes
configure:13169: checking for sys/types.h
configure:13169: result: yes
configure:13169: checking sys/time.h usability
configure:13169: gcc -c -no-cpp-precomp -fno-common -fno-strict-aliasing -g -O2  conftest.c >&5
configure:13169: $? = 0
configure:13169: result: yes
configure:13169: checking sys/time.h presence
configure:13169: gcc -E  conftest.c
configure:13169: $? = 0
configure:13169: result: yes
configure:13169: checking for sys/time.h
configure:13169: result: yes
configure:13169: checking sys/msg.h usability
configure:13169: gcc -c -no-cpp-precomp -fno-common -fno-strict-aliasing -g -O2  conftest.c >&5
configure:13169: $? = 0
configure:13169: result: yes
configure:13169: checking sys/msg.h presence
configure:13169: gcc -E  conftest.c
configure:13169: $? = 0
configure:13169: result: yes
configure:13169: checking for sys/msg.h
configure:13169: result: yes
configure:13169: checking netdb.h usability
configure:13169: gcc -c -no-cpp-precomp -fno-common -fno-strict-aliasing -g -O2  conftest.c >&5
configure:13169: $? = 0
configure:13169: result: yes
configure:13169: checking netdb.h presence
configure:13169: gcc -E  conftest.c
configure:13169: $? = 0
configure:13169: result: yes
configure:13169: checking for netdb.h
configure:13169: result: yes
configure:13169: checking netinet/in.h usability
configure:13169: gcc -c -no-cpp-precomp -fno-common -fno-strict-aliasing -g -O2  conftest.c >&5
configure:13169: $? = 0
configure:13169: result: yes
configure:13169: checking netinet/in.h presence
configure:13169: gcc -E  conftest.c
configure:13169: $? = 0
configure:13169: result: yes
configure:13169: checking for netinet/in.h
configure:13169: result: yes
configure:13169: checking netinet/tcp.h usability
configure:13169: gcc -c -no-cpp-precomp -fno-common -fno-strict-aliasing -g -O2  conftest.c >&5
configure:13169: $? = 0
configure:13169: result: yes
configure:13169: checking netinet/tcp.h presence
configure:13169: gcc -E  conftest.c
configure:13169: $? = 0
configure:13169: result: yes
configure:13169: checking for netinet/tcp.h
configure:13169: result: yes
configure:13169: checking time.h usability
configure:13169: gcc -c -no-cpp-precomp -fno-common -fno-strict-aliasing -g -O2  conftest.c >&5
configure:13169: $? = 0
configure:13169: result: yes
configure:13169: checking time.h presence
configure:13169: gcc -E  conftest.c
configure:13169: $? = 0
configure:13169: result: yes
configure:13169: checking for time.h
configure:13169: result: yes
configure:13169: checking sys/socket.h usability
configure:13169: gcc -c -no-cpp-precomp -fno-common -fno-strict-aliasing -g -O2  conftest.c >&5
configure:13169: $? = 0
configure:13169: result: yes
configure:13169: checking sys/socket.h presence
configure:13169: gcc -E  conftest.c
configure:13169: $? = 0
configure:13169: result: yes
configure:13169: checking for sys/socket.h
configure:13169: result: yes
configure:13169: checking sys/mman.h usability
configure:13169: gcc -c -no-cpp-precomp -fno-common -fno-strict-aliasing -g -O2  conftest.c >&5
configure:13169: $? = 0
configure:13169: result: yes
configure:13169: checking sys/mman.h presence
configure:13169: gcc -E  conftest.c
configure:13169: $? = 0
configure:13169: result: yes
configure:13169: checking for sys/mman.h
configure:13169: result: yes
configure:13169: checking arpa/inet.h usability
configure:13169: gcc -c -no-cpp-precomp -fno-common -fno-strict-aliasing -g -O2  conftest.c >&5
configure:13169: $? = 0
configure:13169: result: yes
configure:13169: checking arpa/inet.h presence
configure:13169: gcc -E  conftest.c
configure:13169: $? = 0
configure:13169: result: yes
configure:13169: checking for arpa/inet.h
configure:13169: result: yes
configure:13169: checking sys/select.h usability
configure:13169: gcc -c -no-cpp-precomp -fno-common -fno-strict-aliasing -g -O2  conftest.c >&5
configure:13169: $? = 0
configure:13169: result: yes
configure:13169: checking sys/select.h presence
configure:13169: gcc -E  conftest.c
configure:13169: $? = 0
configure:13169: result: yes
configure:13169: checking for sys/select.h
configure:13169: result: yes
configure:13169: checking poll.h usability
configure:13169: gcc -c -no-cpp-precomp -fno-common -fno-strict-aliasing -g -O2  conftest.c >&5
configure:13169: $? = 0
configure:13169: result: yes
configure:13169: checking poll.h presence
configure:13169: gcc -E  conftest.c
configure:13169: $? = 0
configure:13169: result: yes
configure:13169: checking for poll.h
configure:13169: result: yes
configure:13169: checking gcrypt.h usability
configure:13169: gcc -c -no-cpp-precomp -fno-common -fno-strict-aliasing -g -O2  conftest.c >&5
conftest.c:80:10: fatal error: 'gcrypt.h' file not found
#include <gcrypt.h>
         ^
1 error generated.
configure:13169: $? = 1
configure: failed program was:
| /* confdefs.h */
| #define PACKAGE_NAME "libmicrohttpd"
| #define PACKAGE_TARNAME "libmicrohttpd"
| #define PACKAGE_VERSION "0.9.34"
| #define PACKAGE_STRING "libmicrohttpd 0.9.34"
| #define PACKAGE_BUGREPORT "libmicrohttpd@gnu.org"
| #define PACKAGE_URL ""
| #define PACKAGE "libmicrohttpd"
| #define VERSION "0.9.34"
| #define STDC_HEADERS 1
| #define HAVE_SYS_TYPES_H 1
| #define HAVE_SYS_STAT_H 1
| #define HAVE_STDLIB_H 1
| #define HAVE_STRING_H 1
| #define HAVE_MEMORY_H 1
| #define HAVE_STRINGS_H 1
| #define HAVE_INTTYPES_H 1
| #define HAVE_STDINT_H 1
| #define HAVE_UNISTD_H 1
| #define HAVE_DLFCN_H 1
| #define LT_OBJDIR ".libs/"
| #define HAVE_SOCKADDR_IN_SIN_LEN 1
| #define OSX 1
| #define EPOLL_SUPPORT 0
| #define HAVE_FCNTL_H 1
| #define HAVE_MATH_H 1
| #define HAVE_ERRNO_H 1
| #define HAVE_LIMITS_H 1
| #define HAVE_STDIO_H 1
| #define HAVE_LOCALE_H 1
| #define HAVE_SYS_STAT_H 1
| #define HAVE_SYS_TYPES_H 1
| #define HAVE_PTHREAD_H 1
| #define HAVE_SYS_TYPES_H 1
| #define HAVE_SYS_TIME_H 1
| #define HAVE_SYS_MSG_H 1
| #define HAVE_NETDB_H 1
| #define HAVE_NETINET_IN_H 1
| #define HAVE_NETINET_TCP_H 1
| #define HAVE_TIME_H 1
| #define HAVE_SYS_SOCKET_H 1
| #define HAVE_SYS_MMAN_H 1
| #define HAVE_ARPA_INET_H 1
| #define HAVE_SYS_SELECT_H 1
| #define HAVE_POLL_H 1
| /* end confdefs.h.  */
| #include <stdio.h>
| #ifdef HAVE_SYS_TYPES_H
| # include <sys/types.h>
| #endif
| #ifdef HAVE_SYS_STAT_H
| # include <sys/stat.h>
| #endif
| #ifdef STDC_HEADERS
| # include <stdlib.h>
| # include <stddef.h>
| #else
| # ifdef HAVE_STDLIB_H
| #  include <stdlib.h>
| # endif
| #endif
| #ifdef HAVE_STRING_H
| # if !defined STDC_HEADERS && defined HAVE_MEMORY_H
| #  include <memory.h>
| # endif
| # include <string.h>
| #endif
| #ifdef HAVE_STRINGS_H
| # include <strings.h>
| #endif
| #ifdef HAVE_INTTYPES_H
| # include <inttypes.h>
| #endif
| #ifdef HAVE_STDINT_H
| # include <stdint.h>
| #endif
| #ifdef HAVE_UNISTD_H
| # include <unistd.h>
| #endif
| #include <gcrypt.h>
configure:13169: result: no
configure:13169: checking gcrypt.h presence
configure:13169: gcc -E  conftest.c
conftest.c:47:10: fatal error: 'gcrypt.h' file not found
#include <gcrypt.h>
         ^
1 error generated.
configure:13169: $? = 1
configure: failed program was:
| /* confdefs.h */
| #define PACKAGE_NAME "libmicrohttpd"
| #define PACKAGE_TARNAME "libmicrohttpd"
| #define PACKAGE_VERSION "0.9.34"
| #define PACKAGE_STRING "libmicrohttpd 0.9.34"
| #define PACKAGE_BUGREPORT "libmicrohttpd@gnu.org"
| #define PACKAGE_URL ""
| #define PACKAGE "libmicrohttpd"
| #define VERSION "0.9.34"
| #define STDC_HEADERS 1
| #define HAVE_SYS_TYPES_H 1
| #define HAVE_SYS_STAT_H 1
| #define HAVE_STDLIB_H 1
| #define HAVE_STRING_H 1
| #define HAVE_MEMORY_H 1
| #define HAVE_STRINGS_H 1
| #define HAVE_INTTYPES_H 1
| #define HAVE_STDINT_H 1
| #define HAVE_UNISTD_H 1
| #define HAVE_DLFCN_H 1
| #define LT_OBJDIR ".libs/"
| #define HAVE_SOCKADDR_IN_SIN_LEN 1
| #define OSX 1
| #define EPOLL_SUPPORT 0
| #define HAVE_FCNTL_H 1
| #define HAVE_MATH_H 1
| #define HAVE_ERRNO_H 1
| #define HAVE_LIMITS_H 1
| #define HAVE_STDIO_H 1
| #define HAVE_LOCALE_H 1
| #define HAVE_SYS_STAT_H 1
| #define HAVE_SYS_TYPES_H 1
| #define HAVE_PTHREAD_H 1
| #define HAVE_SYS_TYPES_H 1
| #define HAVE_SYS_TIME_H 1
| #define HAVE_SYS_MSG_H 1
| #define HAVE_NETDB_H 1
| #define HAVE_NETINET_IN_H 1
| #define HAVE_NETINET_TCP_H 1
| #define HAVE_TIME_H 1
| #define HAVE_SYS_SOCKET_H 1
| #define HAVE_SYS_MMAN_H 1
| #define HAVE_ARPA_INET_H 1
| #define HAVE_SYS_SELECT_H 1
| #define HAVE_POLL_H 1
| /* end confdefs.h.  */
| #include <gcrypt.h>
configure:13169: result: no
configure:13169: checking for gcrypt.h
configure:13169: result: no
configure:13182: checking search.h usability
configure:13182: gcc -c -no-cpp-precomp -fno-common -fno-strict-aliasing -g -O2  conftest.c >&5
configure:13182: $? = 0
configure:13182: result: yes
configure:13182: checking search.h presence
configure:13182: gcc -E  conftest.c
configure:13182: $? = 0
configure:13182: result: yes
configure:13182: checking for search.h
configure:13182: result: yes
configure:13210: checking whether to disable pipes signaling
configure:13225: result: no
configure:13276: checking for memmem
configure:13276: gcc -o conftest -no-cpp-precomp -fno-common -fno-strict-aliasing -g -O2   conftest.c   >&5
configure:13276: $? = 0
configure:13276: result: yes
configure:13276: checking for accept4
configure:13276: gcc -o conftest -no-cpp-precomp -fno-common -fno-strict-aliasing -g -O2   conftest.c   >&5
Undefined symbols for architecture x86_64:
  "_accept4", referenced from:
      _main in conftest-1c7a20.o
ld: symbol(s) not found for architecture x86_64
clang: error: linker command failed with exit code 1 (use -v to see invocation)
configure:13276: $? = 1
configure: failed program was:
| /* confdefs.h */
| #define PACKAGE_NAME "libmicrohttpd"
| #define PACKAGE_TARNAME "libmicrohttpd"
| #define PACKAGE_VERSION "0.9.34"
| #define PACKAGE_STRING "libmicrohttpd 0.9.34"
| #define PACKAGE_BUGREPORT "libmicrohttpd@gnu.org"
| #define PACKAGE_URL ""
| #define PACKAGE "libmicrohttpd"
| #define VERSION "0.9.34"
| #define STDC_HEADERS 1
| #define HAVE_SYS_TYPES_H 1
| #define HAVE_SYS_STAT_H 1
| #define HAVE_STDLIB_H 1
| #define HAVE_STRING_H 1
| #define HAVE_MEMORY_H 1
| #define HAVE_STRINGS_H 1
| #define HAVE_INTTYPES_H 1
| #define HAVE_STDINT_H 1
| #define HAVE_UNISTD_H 1
| #define HAVE_DLFCN_H 1
| #define LT_OBJDIR ".libs/"
| #define HAVE_SOCKADDR_IN_SIN_LEN 1
| #define OSX 1
| #define EPOLL_SUPPORT 0
| #define HAVE_FCNTL_H 1
| #define HAVE_MATH_H 1
| #define HAVE_ERRNO_H 1
| #define HAVE_LIMITS_H 1
| #define HAVE_STDIO_H 1
| #define HAVE_LOCALE_H 1
| #define HAVE_SYS_STAT_H 1
| #define HAVE_SYS_TYPES_H 1
| #define HAVE_PTHREAD_H 1
| #define HAVE_SYS_TYPES_H 1
| #define HAVE_SYS_TIME_H 1
| #define HAVE_SYS_MSG_H 1
| #define HAVE_NETDB_H 1
| #define HAVE_NETINET_IN_H 1
| #define HAVE_NETINET_TCP_H 1
| #define HAVE_TIME_H 1
| #define HAVE_SYS_SOCKET_H 1
| #define HAVE_SYS_MMAN_H 1
| #define HAVE_ARPA_INET_H 1
| #define HAVE_SYS_SELECT_H 1
| #define HAVE_POLL_H 1
| #define HAVE_SEARCH_H 1
| #define HAVE_MEMMEM 1
| /* end confdefs.h.  */
| /* Define accept4 to an innocuous variant, in case <limits.h> declares accept4.
|    For example, HP-UX 11i <limits.h> declares gettimeofday.  */
| #define accept4 innocuous_accept4
| 
| /* System header to define __stub macros and hopefully few prototypes,
|     which can conflict with char accept4 (); below.
|     Prefer <limits.h> to <assert.h> if __STDC__ is defined, since
|     <limits.h> exists even on freestanding compilers.  */
| 
| #ifdef __STDC__
| # include <limits.h>
| #else
| # include <assert.h>
| #endif
| 
| #undef accept4
| 
| /* Override any GCC internal prototype to avoid an error.
|    Use char because int might match the return type of a GCC
|    builtin and then its argument prototype would still apply.  */
| #ifdef __cplusplus
| extern "C"
| #endif
| char accept4 ();
| /* The GNU C library defines this for functions which it implements
|     to always fail with ENOSYS.  Some functions are actually named
|     something starting with __ and the normal name is an alias.  */
| #if defined __stub_accept4 || defined __stub___accept4
| choke me
| #endif
| 
| int
| main ()
| {
| return accept4 ();
|   ;
|   return 0;
| }
configure:13276: result: no
configure:13291: checking for gmtime_s
configure:13305: gcc -o conftest -no-cpp-precomp -fno-common -fno-strict-aliasing -g -O2   conftest.c   >&5
conftest.c:53:37: warning: implicit declaration of function 'gmtime_s' is invalid in C99 [-Wimplicit-function-declaration]
struct tm now; time_t t; time (&t); gmtime_s (&now, &t)
                                    ^
1 warning generated.
Undefined symbols for architecture x86_64:
  "_gmtime_s", referenced from:
      _main in conftest-189a2f.o
ld: symbol(s) not found for architecture x86_64
clang: error: linker command failed with exit code 1 (use -v to see invocation)
configure:13305: $? = 1
configure: failed program was:
| /* confdefs.h */
| #define PACKAGE_NAME "libmicrohttpd"
| #define PACKAGE_TARNAME "libmicrohttpd"
| #define PACKAGE_VERSION "0.9.34"
| #define PACKAGE_STRING "libmicrohttpd 0.9.34"
| #define PACKAGE_BUGREPORT "libmicrohttpd@gnu.org"
| #define PACKAGE_URL ""
| #define PACKAGE "libmicrohttpd"
| #define VERSION "0.9.34"
| #define STDC_HEADERS 1
| #define HAVE_SYS_TYPES_H 1
| #define HAVE_SYS_STAT_H 1
| #define HAVE_STDLIB_H 1
| #define HAVE_STRING_H 1
| #define HAVE_MEMORY_H 1
| #define HAVE_STRINGS_H 1
| #define HAVE_INTTYPES_H 1
| #define HAVE_STDINT_H 1
| #define HAVE_UNISTD_H 1
| #define HAVE_DLFCN_H 1
| #define LT_OBJDIR ".libs/"
| #define HAVE_SOCKADDR_IN_SIN_LEN 1
| #define OSX 1
| #define EPOLL_SUPPORT 0
| #define HAVE_FCNTL_H 1
| #define HAVE_MATH_H 1
| #define HAVE_ERRNO_H 1
| #define HAVE_LIMITS_H 1
| #define HAVE_STDIO_H 1
| #define HAVE_LOCALE_H 1
| #define HAVE_SYS_STAT_H 1
| #define HAVE_SYS_TYPES_H 1
| #define HAVE_PTHREAD_H 1
| #define HAVE_SYS_TYPES_H 1
| #define HAVE_SYS_TIME_H 1
| #define HAVE_SYS_MSG_H 1
| #define HAVE_NETDB_H 1
| #define HAVE_NETINET_IN_H 1
| #define HAVE_NETINET_TCP_H 1
| #define HAVE_TIME_H 1
| #define HAVE_SYS_SOCKET_H 1
| #define HAVE_SYS_MMAN_H 1
| #define HAVE_ARPA_INET_H 1
| #define HAVE_SYS_SELECT_H 1
| #define HAVE_POLL_H 1
| #define HAVE_SEARCH_H 1
| #define HAVE_MEMMEM 1
| /* end confdefs.h.  */
|  #include <time.h>
| int
| main ()
| {
| struct tm now; time_t t; time (&t); gmtime_s (&now, &t)
|   ;
|   return 0;
| }
| 
configure:13314: result: no
configure:13346: gcc -c -no-cpp-precomp -fno-common -fno-strict-aliasing -g -O2  conftest.c >&5
conftest.c:63:23: error: do not have SOCK_NONBLOCK
                    # error do not have SOCK_NONBLOCK
                      ^
1 error generated.
configure:13346: $? = 1
configure: failed program was:
| /* confdefs.h */
| #define PACKAGE_NAME "libmicrohttpd"
| #define PACKAGE_TARNAME "libmicrohttpd"
| #define PACKAGE_VERSION "0.9.34"
| #define PACKAGE_STRING "libmicrohttpd 0.9.34"
| #define PACKAGE_BUGREPORT "libmicrohttpd@gnu.org"
| #define PACKAGE_URL ""
| #define PACKAGE "libmicrohttpd"
| #define VERSION "0.9.34"
| #define STDC_HEADERS 1
| #define HAVE_SYS_TYPES_H 1
| #define HAVE_SYS_STAT_H 1
| #define HAVE_STDLIB_H 1
| #define HAVE_STRING_H 1
| #define HAVE_MEMORY_H 1
| #define HAVE_STRINGS_H 1
| #define HAVE_INTTYPES_H 1
| #define HAVE_STDINT_H 1
| #define HAVE_UNISTD_H 1
| #define HAVE_DLFCN_H 1
| #define LT_OBJDIR ".libs/"
| #define HAVE_SOCKADDR_IN_SIN_LEN 1
| #define OSX 1
| #define EPOLL_SUPPORT 0
| #define HAVE_FCNTL_H 1
| #define HAVE_MATH_H 1
| #define HAVE_ERRNO_H 1
| #define HAVE_LIMITS_H 1
| #define HAVE_STDIO_H 1
| #define HAVE_LOCALE_H 1
| #define HAVE_SYS_STAT_H 1
| #define HAVE_SYS_TYPES_H 1
| #define HAVE_PTHREAD_H 1
| #define HAVE_SYS_TYPES_H 1
| #define HAVE_SYS_TIME_H 1
| #define HAVE_SYS_MSG_H 1
| #define HAVE_NETDB_H 1
| #define HAVE_NETINET_IN_H 1
| #define HAVE_NETINET_TCP_H 1
| #define HAVE_TIME_H 1
| #define HAVE_SYS_SOCKET_H 1
| #define HAVE_SYS_MMAN_H 1
| #define HAVE_ARPA_INET_H 1
| #define HAVE_SYS_SELECT_H 1
| #define HAVE_POLL_H 1
| #define HAVE_SEARCH_H 1
| #define HAVE_MEMMEM 1
| /* end confdefs.h.  */
| 
|                     #if defined HAVE_SYS_TYPES_H
|                     #  include <sys/types.h>
|                     #endif
|                     #if defined HAVE_SYS_SOCKET_H
|                     #  include <sys/socket.h>
|                     #elif defined HAVE_WINSOCK2_H
|                     #  include <winsock2.h>
|                     #endif
| int
| main ()
| {
| 
|                     #ifndef SOCK_NONBLOCK
|                     # error do not have SOCK_NONBLOCK
|                     #endif
| 
|   ;
|   return 0;
| }
| 
configure:13356: checking for library containing clock_gettime
configure:13387: gcc -o conftest -no-cpp-precomp -fno-common -fno-strict-aliasing -g -O2   conftest.c   >&5
Undefined symbols for architecture x86_64:
  "_clock_gettime", referenced from:
      _main in conftest-0bd979.o
ld: symbol(s) not found for architecture x86_64
clang: error: linker command failed with exit code 1 (use -v to see invocation)
configure:13387: $? = 1
configure: failed program was:
| /* confdefs.h */
| #define PACKAGE_NAME "libmicrohttpd"
| #define PACKAGE_TARNAME "libmicrohttpd"
| #define PACKAGE_VERSION "0.9.34"
| #define PACKAGE_STRING "libmicrohttpd 0.9.34"
| #define PACKAGE_BUGREPORT "libmicrohttpd@gnu.org"
| #define PACKAGE_URL ""
| #define PACKAGE "libmicrohttpd"
| #define VERSION "0.9.34"
| #define STDC_HEADERS 1
| #define HAVE_SYS_TYPES_H 1
| #define HAVE_SYS_STAT_H 1
| #define HAVE_STDLIB_H 1
| #define HAVE_STRING_H 1
| #define HAVE_MEMORY_H 1
| #define HAVE_STRINGS_H 1
| #define HAVE_INTTYPES_H 1
| #define HAVE_STDINT_H 1
| #define HAVE_UNISTD_H 1
| #define HAVE_DLFCN_H 1
| #define LT_OBJDIR ".libs/"
| #define HAVE_SOCKADDR_IN_SIN_LEN 1
| #define OSX 1
| #define EPOLL_SUPPORT 0
| #define HAVE_FCNTL_H 1
| #define HAVE_MATH_H 1
| #define HAVE_ERRNO_H 1
| #define HAVE_LIMITS_H 1
| #define HAVE_STDIO_H 1
| #define HAVE_LOCALE_H 1
| #define HAVE_SYS_STAT_H 1
| #define HAVE_SYS_TYPES_H 1
| #define HAVE_PTHREAD_H 1
| #define HAVE_SYS_TYPES_H 1
| #define HAVE_SYS_TIME_H 1
| #define HAVE_SYS_MSG_H 1
| #define HAVE_NETDB_H 1
| #define HAVE_NETINET_IN_H 1
| #define HAVE_NETINET_TCP_H 1
| #define HAVE_TIME_H 1
| #define HAVE_SYS_SOCKET_H 1
| #define HAVE_SYS_MMAN_H 1
| #define HAVE_ARPA_INET_H 1
| #define HAVE_SYS_SELECT_H 1
| #define HAVE_POLL_H 1
| #define HAVE_SEARCH_H 1
| #define HAVE_MEMMEM 1
| /* end confdefs.h.  */
| 
| /* Override any GCC internal prototype to avoid an error.
|    Use char because int might match the return type of a GCC
|    builtin and then its argument prototype would still apply.  */
| #ifdef __cplusplus
| extern "C"
| #endif
| char clock_gettime ();
| int
| main ()
| {
| return clock_gettime ();
|   ;
|   return 0;
| }
configure:13387: gcc -o conftest -no-cpp-precomp -fno-common -fno-strict-aliasing -g -O2   conftest.c -lrt    >&5
ld: library not found for -lrt
clang: error: linker command failed with exit code 1 (use -v to see invocation)
configure:13387: $? = 1
configure: failed program was:
| /* confdefs.h */
| #define PACKAGE_NAME "libmicrohttpd"
| #define PACKAGE_TARNAME "libmicrohttpd"
| #define PACKAGE_VERSION "0.9.34"
| #define PACKAGE_STRING "libmicrohttpd 0.9.34"
| #define PACKAGE_BUGREPORT "libmicrohttpd@gnu.org"
| #define PACKAGE_URL ""
| #define PACKAGE "libmicrohttpd"
| #define VERSION "0.9.34"
| #define STDC_HEADERS 1
| #define HAVE_SYS_TYPES_H 1
| #define HAVE_SYS_STAT_H 1
| #define HAVE_STDLIB_H 1
| #define HAVE_STRING_H 1
| #define HAVE_MEMORY_H 1
| #define HAVE_STRINGS_H 1
| #define HAVE_INTTYPES_H 1
| #define HAVE_STDINT_H 1
| #define HAVE_UNISTD_H 1
| #define HAVE_DLFCN_H 1
| #define LT_OBJDIR ".libs/"
| #define HAVE_SOCKADDR_IN_SIN_LEN 1
| #define OSX 1
| #define EPOLL_SUPPORT 0
| #define HAVE_FCNTL_H 1
| #define HAVE_MATH_H 1
| #define HAVE_ERRNO_H 1
| #define HAVE_LIMITS_H 1
| #define HAVE_STDIO_H 1
| #define HAVE_LOCALE_H 1
| #define HAVE_SYS_STAT_H 1
| #define HAVE_SYS_TYPES_H 1
| #define HAVE_PTHREAD_H 1
| #define HAVE_SYS_TYPES_H 1
| #define HAVE_SYS_TIME_H 1
| #define HAVE_SYS_MSG_H 1
| #define HAVE_NETDB_H 1
| #define HAVE_NETINET_IN_H 1
| #define HAVE_NETINET_TCP_H 1
| #define HAVE_TIME_H 1
| #define HAVE_SYS_SOCKET_H 1
| #define HAVE_SYS_MMAN_H 1
| #define HAVE_ARPA_INET_H 1
| #define HAVE_SYS_SELECT_H 1
| #define HAVE_POLL_H 1
| #define HAVE_SEARCH_H 1
| #define HAVE_MEMMEM 1
| /* end confdefs.h.  */
| 
| /* Override any GCC internal prototype to avoid an error.
|    Use char because int might match the return type of a GCC
|    builtin and then its argument prototype would still apply.  */
| #ifdef __cplusplus
| extern "C"
| #endif
| char clock_gettime ();
| int
| main ()
| {
| return clock_gettime ();
|   ;
|   return 0;
| }
configure:13404: result: no
configure:13418: checking for IPv6
configure:13450: gcc -c -no-cpp-precomp -fno-common -fno-strict-aliasing -g -O2  conftest.c >&5
configure:13450: $? = 0
configure:13462: result: yes
configure:13466: checking whether TCP_CORK is declared
configure:13466: gcc -c -no-cpp-precomp -fno-common -fno-strict-aliasing -g -O2  conftest.c >&5
conftest.c:59:10: error: use of undeclared identifier 'TCP_CORK'
  (void) TCP_CORK;
         ^
1 error generated.
configure:13466: $? = 1
configure: failed program was:
| /* confdefs.h */
| #define PACKAGE_NAME "libmicrohttpd"
| #define PACKAGE_TARNAME "libmicrohttpd"
| #define PACKAGE_VERSION "0.9.34"
| #define PACKAGE_STRING "libmicrohttpd 0.9.34"
| #define PACKAGE_BUGREPORT "libmicrohttpd@gnu.org"
| #define PACKAGE_URL ""
| #define PACKAGE "libmicrohttpd"
| #define VERSION "0.9.34"
| #define STDC_HEADERS 1
| #define HAVE_SYS_TYPES_H 1
| #define HAVE_SYS_STAT_H 1
| #define HAVE_STDLIB_H 1
| #define HAVE_STRING_H 1
| #define HAVE_MEMORY_H 1
| #define HAVE_STRINGS_H 1
| #define HAVE_INTTYPES_H 1
| #define HAVE_STDINT_H 1
| #define HAVE_UNISTD_H 1
| #define HAVE_DLFCN_H 1
| #define LT_OBJDIR ".libs/"
| #define HAVE_SOCKADDR_IN_SIN_LEN 1
| #define OSX 1
| #define EPOLL_SUPPORT 0
| #define HAVE_FCNTL_H 1
| #define HAVE_MATH_H 1
| #define HAVE_ERRNO_H 1
| #define HAVE_LIMITS_H 1
| #define HAVE_STDIO_H 1
| #define HAVE_LOCALE_H 1
| #define HAVE_SYS_STAT_H 1
| #define HAVE_SYS_TYPES_H 1
| #define HAVE_PTHREAD_H 1
| #define HAVE_SYS_TYPES_H 1
| #define HAVE_SYS_TIME_H 1
| #define HAVE_SYS_MSG_H 1
| #define HAVE_NETDB_H 1
| #define HAVE_NETINET_IN_H 1
| #define HAVE_NETINET_TCP_H 1
| #define HAVE_TIME_H 1
| #define HAVE_SYS_SOCKET_H 1
| #define HAVE_SYS_MMAN_H 1
| #define HAVE_ARPA_INET_H 1
| #define HAVE_SYS_SELECT_H 1
| #define HAVE_POLL_H 1
| #define HAVE_SEARCH_H 1
| #define HAVE_MEMMEM 1
| #define HAVE_INET6 1
| /* end confdefs.h.  */
| #include <netinet/tcp.h>
| 
| int
| main ()
| {
| #ifndef TCP_CORK
| #ifdef __cplusplus
|   (void) TCP_CORK;
| #else
|   (void) TCP_CORK;
| #endif
| #endif
| 
|   ;
|   return 0;
| }
configure:13466: result: no
configure:13480: checking whether TCP_NOPUSH is declared
configure:13480: gcc -c -no-cpp-precomp -fno-common -fno-strict-aliasing -g -O2  conftest.c >&5
configure:13480: $? = 0
configure:13480: result: yes
configure:13504: checking for -fvisibility=hidden compiler flag
configure:13517: gcc -c -fvisibility=hidden  conftest.c >&5
conftest.c:56:17: error: function definition is not allowed here
int main (void) { return 0; }
                ^
1 error generated.
configure:13517: $? = 1
configure: failed program was:
| /* confdefs.h */
| #define PACKAGE_NAME "libmicrohttpd"
| #define PACKAGE_TARNAME "libmicrohttpd"
| #define PACKAGE_VERSION "0.9.34"
| #define PACKAGE_STRING "libmicrohttpd 0.9.34"
| #define PACKAGE_BUGREPORT "libmicrohttpd@gnu.org"
| #define PACKAGE_URL ""
| #define PACKAGE "libmicrohttpd"
| #define VERSION "0.9.34"
| #define STDC_HEADERS 1
| #define HAVE_SYS_TYPES_H 1
| #define HAVE_SYS_STAT_H 1
| #define HAVE_STDLIB_H 1
| #define HAVE_STRING_H 1
| #define HAVE_MEMORY_H 1
| #define HAVE_STRINGS_H 1
| #define HAVE_INTTYPES_H 1
| #define HAVE_STDINT_H 1
| #define HAVE_UNISTD_H 1
| #define HAVE_DLFCN_H 1
| #define LT_OBJDIR ".libs/"
| #define HAVE_SOCKADDR_IN_SIN_LEN 1
| #define OSX 1
| #define EPOLL_SUPPORT 0
| #define HAVE_FCNTL_H 1
| #define HAVE_MATH_H 1
| #define HAVE_ERRNO_H 1
| #define HAVE_LIMITS_H 1
| #define HAVE_STDIO_H 1
| #define HAVE_LOCALE_H 1
| #define HAVE_SYS_STAT_H 1
| #define HAVE_SYS_TYPES_H 1
| #define HAVE_PTHREAD_H 1
| #define HAVE_SYS_TYPES_H 1
| #define HAVE_SYS_TIME_H 1
| #define HAVE_SYS_MSG_H 1
| #define HAVE_NETDB_H 1
| #define HAVE_NETINET_IN_H 1
| #define HAVE_NETINET_TCP_H 1
| #define HAVE_TIME_H 1
| #define HAVE_SYS_SOCKET_H 1
| #define HAVE_SYS_MMAN_H 1
| #define HAVE_ARPA_INET_H 1
| #define HAVE_SYS_SELECT_H 1
| #define HAVE_POLL_H 1
| #define HAVE_SEARCH_H 1
| #define HAVE_MEMMEM 1
| #define HAVE_INET6 1
| #define HAVE_DECL_TCP_CORK 0
| #define HAVE_DECL_TCP_NOPUSH 1
| /* end confdefs.h.  */
| 
| int
| main ()
| {
| int main (void) { return 0; }
|   ;
|   return 0;
| }
configure:13522: result: no
configure:13544: checking whether to use libcurl for testing
configure:13553: result: yes
configure:13597: checking for gawk
configure:13624: result: awk
configure:13686: checking for curl-config
configure:13704: found /usr/bin/curl-config
configure:13716: result: /usr/bin/curl-config
configure:13727: checking for the version of libcurl
configure:13734: result: 7.30.0
configure:13795: checking whether libcurl is usable
configure:13828: gcc -o conftest -no-cpp-precomp -fno-common -fno-strict-aliasing -g -O2    conftest.c -lcurl   >&5
configure:13828: $? = 0
configure:13842: result: yes
configure:13855: checking for curl_free
configure:13855: gcc -o conftest -no-cpp-precomp -fno-common -fno-strict-aliasing -g -O2    conftest.c   -lcurl >&5
configure:13855: $? = 0
configure:13855: result: yes
configure:13943: checking curl/curl.h usability
configure:13943: gcc -c -no-cpp-precomp -fno-common -fno-strict-aliasing -g -O2  conftest.c >&5
configure:13943: $? = 0
configure:13943: result: yes
configure:13943: checking curl/curl.h presence
configure:13943: gcc -E  conftest.c
configure:13943: $? = 0
configure:13943: result: yes
configure:13943: checking for curl/curl.h
configure:13943: result: yes
configure:13983: checking for magic_open -lmagic
configure:13985: checking for magic_open in -lmagic
configure:14010: gcc -o conftest -no-cpp-precomp -fno-common -fno-strict-aliasing -g -O2   conftest.c -lmagic    >&5
ld: library not found for -lmagic
clang: error: linker command failed with exit code 1 (use -v to see invocation)
configure:14010: $? = 1
configure: failed program was:
| /* confdefs.h */
| #define PACKAGE_NAME "libmicrohttpd"
| #define PACKAGE_TARNAME "libmicrohttpd"
| #define PACKAGE_VERSION "0.9.34"
| #define PACKAGE_STRING "libmicrohttpd 0.9.34"
| #define PACKAGE_BUGREPORT "libmicrohttpd@gnu.org"
| #define PACKAGE_URL ""
| #define PACKAGE "libmicrohttpd"
| #define VERSION "0.9.34"
| #define STDC_HEADERS 1
| #define HAVE_SYS_TYPES_H 1
| #define HAVE_SYS_STAT_H 1
| #define HAVE_STDLIB_H 1
| #define HAVE_STRING_H 1
| #define HAVE_MEMORY_H 1
| #define HAVE_STRINGS_H 1
| #define HAVE_INTTYPES_H 1
| #define HAVE_STDINT_H 1
| #define HAVE_UNISTD_H 1
| #define HAVE_DLFCN_H 1
| #define LT_OBJDIR ".libs/"
| #define HAVE_SOCKADDR_IN_SIN_LEN 1
| #define OSX 1
| #define EPOLL_SUPPORT 0
| #define HAVE_FCNTL_H 1
| #define HAVE_MATH_H 1
| #define HAVE_ERRNO_H 1
| #define HAVE_LIMITS_H 1
| #define HAVE_STDIO_H 1
| #define HAVE_LOCALE_H 1
| #define HAVE_SYS_STAT_H 1
| #define HAVE_SYS_TYPES_H 1
| #define HAVE_PTHREAD_H 1
| #define HAVE_SYS_TYPES_H 1
| #define HAVE_SYS_TIME_H 1
| #define HAVE_SYS_MSG_H 1
| #define HAVE_NETDB_H 1
| #define HAVE_NETINET_IN_H 1
| #define HAVE_NETINET_TCP_H 1
| #define HAVE_TIME_H 1
| #define HAVE_SYS_SOCKET_H 1
| #define HAVE_SYS_MMAN_H 1
| #define HAVE_ARPA_INET_H 1
| #define HAVE_SYS_SELECT_H 1
| #define HAVE_POLL_H 1
| #define HAVE_SEARCH_H 1
| #define HAVE_MEMMEM 1
| #define HAVE_INET6 1
| #define HAVE_DECL_TCP_CORK 0
| #define HAVE_DECL_TCP_NOPUSH 1
| #define HAVE_LIBCURL 1
| #define LIBCURL_FEATURE_SSL 1
| #define LIBCURL_FEATURE_IPV6 1
| #define LIBCURL_FEATURE_LIBZ 1
| #define LIBCURL_FEATURE_ASYNCHDNS 1
| #define LIBCURL_FEATURE_NTLM 1
| #define LIBCURL_FEATURE_NTLM_WB 1
| #define LIBCURL_PROTOCOL_DICT 1
| #define LIBCURL_PROTOCOL_FILE 1
| #define LIBCURL_PROTOCOL_FTP 1
| #define LIBCURL_PROTOCOL_FTPS 1
| #define LIBCURL_PROTOCOL_GOPHER 1
| #define LIBCURL_PROTOCOL_HTTP 1
| #define LIBCURL_PROTOCOL_HTTPS 1
| #define LIBCURL_PROTOCOL_IMAP 1
| #define LIBCURL_PROTOCOL_IMAPS 1
| #define LIBCURL_PROTOCOL_LDAP 1
| #define LIBCURL_PROTOCOL_LDAPS 1
| #define LIBCURL_PROTOCOL_POP3 1
| #define LIBCURL_PROTOCOL_POP3S 1
| #define LIBCURL_PROTOCOL_RTSP 1
| #define LIBCURL_PROTOCOL_SMTP 1
| #define LIBCURL_PROTOCOL_SMTPS 1
| #define LIBCURL_PROTOCOL_TELNET 1
| #define LIBCURL_PROTOCOL_TFTP 1
| #define HAVE_CURL_CURL_H 1
| #define MHD_REQ_CURL_VERSION "7.16.4"
| #define MHD_REQ_CURL_OPENSSL_VERSION "0.9.8"
| #define MHD_REQ_CURL_GNUTLS_VERSION "2.8.6"
| #define MHD_REQ_CURL_NSS_VERSION "3.12.0"
| /* end confdefs.h.  */
| 
| /* Override any GCC internal prototype to avoid an error.
|    Use char because int might match the return type of a GCC
|    builtin and then its argument prototype would still apply.  */
| #ifdef __cplusplus
| extern "C"
| #endif
| char magic_open ();
| int
| main ()
| {
| return magic_open ();
|   ;
|   return 0;
| }
configure:14019: result: no
configure:14064: checking whether to support libmicrospdy
configure:14073: result: yes
configure:14080: checking openssl/err.h usability
configure:14080: gcc -c -no-cpp-precomp -fno-common -fno-strict-aliasing -g -O2  conftest.c >&5
configure:14080: $? = 0
configure:14080: result: yes
configure:14080: checking openssl/err.h presence
configure:14080: gcc -E  conftest.c
configure:14080: $? = 0
configure:14080: result: yes
configure:14080: checking for openssl/err.h
configure:14080: result: yes
configure:14085: checking for SSL_CTX_set_next_protos_advertised_cb in -lssl
configure:14110: gcc -o conftest -no-cpp-precomp -fno-common -fno-strict-aliasing -g -O2   conftest.c -lssl    >&5
Undefined symbols for architecture x86_64:
  "_SSL_CTX_set_next_protos_advertised_cb", referenced from:
      _main in conftest-28cb6b.o
ld: symbol(s) not found for architecture x86_64
clang: error: linker command failed with exit code 1 (use -v to see invocation)
configure:14110: $? = 1
configure: failed program was:
| /* confdefs.h */
| #define PACKAGE_NAME "libmicrohttpd"
| #define PACKAGE_TARNAME "libmicrohttpd"
| #define PACKAGE_VERSION "0.9.34"
| #define PACKAGE_STRING "libmicrohttpd 0.9.34"
| #define PACKAGE_BUGREPORT "libmicrohttpd@gnu.org"
| #define PACKAGE_URL ""
| #define PACKAGE "libmicrohttpd"
| #define VERSION "0.9.34"
| #define STDC_HEADERS 1
| #define HAVE_SYS_TYPES_H 1
| #define HAVE_SYS_STAT_H 1
| #define HAVE_STDLIB_H 1
| #define HAVE_STRING_H 1
| #define HAVE_MEMORY_H 1
| #define HAVE_STRINGS_H 1
| #define HAVE_INTTYPES_H 1
| #define HAVE_STDINT_H 1
| #define HAVE_UNISTD_H 1
| #define HAVE_DLFCN_H 1
| #define LT_OBJDIR ".libs/"
| #define HAVE_SOCKADDR_IN_SIN_LEN 1
| #define OSX 1
| #define EPOLL_SUPPORT 0
| #define HAVE_FCNTL_H 1
| #define HAVE_MATH_H 1
| #define HAVE_ERRNO_H 1
| #define HAVE_LIMITS_H 1
| #define HAVE_STDIO_H 1
| #define HAVE_LOCALE_H 1
| #define HAVE_SYS_STAT_H 1
| #define HAVE_SYS_TYPES_H 1
| #define HAVE_PTHREAD_H 1
| #define HAVE_SYS_TYPES_H 1
| #define HAVE_SYS_TIME_H 1
| #define HAVE_SYS_MSG_H 1
| #define HAVE_NETDB_H 1
| #define HAVE_NETINET_IN_H 1
| #define HAVE_NETINET_TCP_H 1
| #define HAVE_TIME_H 1
| #define HAVE_SYS_SOCKET_H 1
| #define HAVE_SYS_MMAN_H 1
| #define HAVE_ARPA_INET_H 1
| #define HAVE_SYS_SELECT_H 1
| #define HAVE_POLL_H 1
| #define HAVE_SEARCH_H 1
| #define HAVE_MEMMEM 1
| #define HAVE_INET6 1
| #define HAVE_DECL_TCP_CORK 0
| #define HAVE_DECL_TCP_NOPUSH 1
| #define HAVE_LIBCURL 1
| #define LIBCURL_FEATURE_SSL 1
| #define LIBCURL_FEATURE_IPV6 1
| #define LIBCURL_FEATURE_LIBZ 1
| #define LIBCURL_FEATURE_ASYNCHDNS 1
| #define LIBCURL_FEATURE_NTLM 1
| #define LIBCURL_FEATURE_NTLM_WB 1
| #define LIBCURL_PROTOCOL_DICT 1
| #define LIBCURL_PROTOCOL_FILE 1
| #define LIBCURL_PROTOCOL_FTP 1
| #define LIBCURL_PROTOCOL_FTPS 1
| #define LIBCURL_PROTOCOL_GOPHER 1
| #define LIBCURL_PROTOCOL_HTTP 1
| #define LIBCURL_PROTOCOL_HTTPS 1
| #define LIBCURL_PROTOCOL_IMAP 1
| #define LIBCURL_PROTOCOL_IMAPS 1
| #define LIBCURL_PROTOCOL_LDAP 1
| #define LIBCURL_PROTOCOL_LDAPS 1
| #define LIBCURL_PROTOCOL_POP3 1
| #define LIBCURL_PROTOCOL_POP3S 1
| #define LIBCURL_PROTOCOL_RTSP 1
| #define LIBCURL_PROTOCOL_SMTP 1
| #define LIBCURL_PROTOCOL_SMTPS 1
| #define LIBCURL_PROTOCOL_TELNET 1
| #define LIBCURL_PROTOCOL_TFTP 1
| #define HAVE_CURL_CURL_H 1
| #define MHD_REQ_CURL_VERSION "7.16.4"
| #define MHD_REQ_CURL_OPENSSL_VERSION "0.9.8"
| #define MHD_REQ_CURL_GNUTLS_VERSION "2.8.6"
| #define MHD_REQ_CURL_NSS_VERSION "3.12.0"
| #define HAVE_OPENSSL_ERR_H 1
| /* end confdefs.h.  */
| 
| /* Override any GCC internal prototype to avoid an error.
|    Use char because int might match the return type of a GCC
|    builtin and then its argument prototype would still apply.  */
| #ifdef __cplusplus
| extern "C"
| #endif
| char SSL_CTX_set_next_protos_advertised_cb ();
| int
| main ()
| {
| return SSL_CTX_set_next_protos_advertised_cb ();
|   ;
|   return 0;
| }
configure:14119: result: no
configure:14186: checking whether we have OpenSSL and thus can support libmicrospdy
configure:14188: result: no
configure:14223: checking openssl/evp.h usability
configure:14223: gcc -c -no-cpp-precomp -fno-common -fno-strict-aliasing -g -O2  conftest.c >&5
configure:14223: $? = 0
configure:14223: result: yes
configure:14223: checking openssl/evp.h presence
configure:14223: gcc -E  conftest.c
configure:14223: $? = 0
configure:14223: result: yes
configure:14223: checking for openssl/evp.h
configure:14223: result: yes
configure:14223: checking openssl/rsa.h usability
configure:14223: gcc -c -no-cpp-precomp -fno-common -fno-strict-aliasing -g -O2  conftest.c >&5
configure:14223: $? = 0
configure:14223: result: yes
configure:14223: checking openssl/rsa.h presence
configure:14223: gcc -E  conftest.c
configure:14223: $? = 0
configure:14223: result: yes
configure:14223: checking for openssl/rsa.h
configure:14223: result: yes
configure:14223: checking openssl/rand.h usability
configure:14223: gcc -c -no-cpp-precomp -fno-common -fno-strict-aliasing -g -O2  conftest.c >&5
configure:14223: $? = 0
configure:14223: result: yes
configure:14223: checking openssl/rand.h presence
configure:14223: gcc -E  conftest.c
configure:14223: $? = 0
configure:14223: result: yes
configure:14223: checking for openssl/rand.h
configure:14223: result: yes
configure:14223: checking for openssl/err.h
configure:14223: result: yes
configure:14223: checking openssl/sha.h usability
configure:14223: gcc -c -no-cpp-precomp -fno-common -fno-strict-aliasing -g -O2  conftest.c >&5
configure:14223: $? = 0
configure:14223: result: yes
configure:14223: checking openssl/sha.h presence
configure:14223: gcc -E  conftest.c
configure:14223: $? = 0
configure:14223: result: yes
configure:14223: checking for openssl/sha.h
configure:14223: result: yes
configure:14223: checking openssl/pem.h usability
configure:14223: gcc -c -no-cpp-precomp -fno-common -fno-strict-aliasing -g -O2  conftest.c >&5
configure:14223: $? = 0
configure:14223: result: yes
configure:14223: checking openssl/pem.h presence
configure:14223: gcc -E  conftest.c
configure:14223: $? = 0
configure:14223: result: yes
configure:14223: checking for openssl/pem.h
configure:14223: result: yes
configure:14223: checking openssl/engine.h usability
configure:14223: gcc -c -no-cpp-precomp -fno-common -fno-strict-aliasing -g -O2  conftest.c >&5
configure:14223: $? = 0
configure:14223: result: yes
configure:14223: checking openssl/engine.h presence
configure:14223: gcc -E  conftest.c
configure:14223: $? = 0
configure:14223: result: yes
configure:14223: checking for openssl/engine.h
configure:14223: result: yes
configure:14287: checking for SHA1_Init in -lcrypto
configure:14312: gcc -o conftest -no-cpp-precomp -fno-common -fno-strict-aliasing -g -O2   conftest.c -lcrypto    >&5
configure:14312: $? = 0
configure:14321: result: yes
configure:14332: checking for dlopen
configure:14332: gcc -o conftest -no-cpp-precomp -fno-common -fno-strict-aliasing -g -O2   conftest.c   -lcrypto >&5
configure:14332: $? = 0
configure:14332: result: yes
configure:14384: checking for SSL_library_init
configure:14384: gcc -o conftest -no-cpp-precomp -fno-common -fno-strict-aliasing -g -O2   conftest.c   -lcrypto >&5
Undefined symbols for architecture x86_64:
  "_SSL_library_init", referenced from:
      _main in conftest-20f528.o
ld: symbol(s) not found for architecture x86_64
clang: error: linker command failed with exit code 1 (use -v to see invocation)
configure:14384: $? = 1
configure: failed program was:
| /* confdefs.h */
| #define PACKAGE_NAME "libmicrohttpd"
| #define PACKAGE_TARNAME "libmicrohttpd"
| #define PACKAGE_VERSION "0.9.34"
| #define PACKAGE_STRING "libmicrohttpd 0.9.34"
| #define PACKAGE_BUGREPORT "libmicrohttpd@gnu.org"
| #define PACKAGE_URL ""
| #define PACKAGE "libmicrohttpd"
| #define VERSION "0.9.34"
| #define STDC_HEADERS 1
| #define HAVE_SYS_TYPES_H 1
| #define HAVE_SYS_STAT_H 1
| #define HAVE_STDLIB_H 1
| #define HAVE_STRING_H 1
| #define HAVE_MEMORY_H 1
| #define HAVE_STRINGS_H 1
| #define HAVE_INTTYPES_H 1
| #define HAVE_STDINT_H 1
| #define HAVE_UNISTD_H 1
| #define HAVE_DLFCN_H 1
| #define LT_OBJDIR ".libs/"
| #define HAVE_SOCKADDR_IN_SIN_LEN 1
| #define OSX 1
| #define EPOLL_SUPPORT 0
| #define HAVE_FCNTL_H 1
| #define HAVE_MATH_H 1
| #define HAVE_ERRNO_H 1
| #define HAVE_LIMITS_H 1
| #define HAVE_STDIO_H 1
| #define HAVE_LOCALE_H 1
| #define HAVE_SYS_STAT_H 1
| #define HAVE_SYS_TYPES_H 1
| #define HAVE_PTHREAD_H 1
| #define HAVE_SYS_TYPES_H 1
| #define HAVE_SYS_TIME_H 1
| #define HAVE_SYS_MSG_H 1
| #define HAVE_NETDB_H 1
| #define HAVE_NETINET_IN_H 1
| #define HAVE_NETINET_TCP_H 1
| #define HAVE_TIME_H 1
| #define HAVE_SYS_SOCKET_H 1
| #define HAVE_SYS_MMAN_H 1
| #define HAVE_ARPA_INET_H 1
| #define HAVE_SYS_SELECT_H 1
| #define HAVE_POLL_H 1
| #define HAVE_SEARCH_H 1
| #define HAVE_MEMMEM 1
| #define HAVE_INET6 1
| #define HAVE_DECL_TCP_CORK 0
| #define HAVE_DECL_TCP_NOPUSH 1
| #define HAVE_LIBCURL 1
| #define LIBCURL_FEATURE_SSL 1
| #define LIBCURL_FEATURE_IPV6 1
| #define LIBCURL_FEATURE_LIBZ 1
| #define LIBCURL_FEATURE_ASYNCHDNS 1
| #define LIBCURL_FEATURE_NTLM 1
| #define LIBCURL_FEATURE_NTLM_WB 1
| #define LIBCURL_PROTOCOL_DICT 1
| #define LIBCURL_PROTOCOL_FILE 1
| #define LIBCURL_PROTOCOL_FTP 1
| #define LIBCURL_PROTOCOL_FTPS 1
| #define LIBCURL_PROTOCOL_GOPHER 1
| #define LIBCURL_PROTOCOL_HTTP 1
| #define LIBCURL_PROTOCOL_HTTPS 1
| #define LIBCURL_PROTOCOL_IMAP 1
| #define LIBCURL_PROTOCOL_IMAPS 1
| #define LIBCURL_PROTOCOL_LDAP 1
| #define LIBCURL_PROTOCOL_LDAPS 1
| #define LIBCURL_PROTOCOL_POP3 1
| #define LIBCURL_PROTOCOL_POP3S 1
| #define LIBCURL_PROTOCOL_RTSP 1
| #define LIBCURL_PROTOCOL_SMTP 1
| #define LIBCURL_PROTOCOL_SMTPS 1
| #define LIBCURL_PROTOCOL_TELNET 1
| #define LIBCURL_PROTOCOL_TFTP 1
| #define HAVE_CURL_CURL_H 1
| #define MHD_REQ_CURL_VERSION "7.16.4"
| #define MHD_REQ_CURL_OPENSSL_VERSION "0.9.8"
| #define MHD_REQ_CURL_GNUTLS_VERSION "2.8.6"
| #define MHD_REQ_CURL_NSS_VERSION "3.12.0"
| #define HAVE_OPENSSL_ERR_H 1
| #define SPDY_SUPPORT 0
| #define HAVE_OPENSSL_EVP_H 1
| #define HAVE_OPENSSL_RSA_H 1
| #define HAVE_OPENSSL_RAND_H 1
| #define HAVE_OPENSSL_ERR_H 1
| #define HAVE_OPENSSL_SHA_H 1
| #define HAVE_OPENSSL_PEM_H 1
| #define HAVE_OPENSSL_ENGINE_H 1
| /* end confdefs.h.  */
| /* Define SSL_library_init to an innocuous variant, in case <limits.h> declares SSL_library_init.
|    For example, HP-UX 11i <limits.h> declares gettimeofday.  */
| #define SSL_library_init innocuous_SSL_library_init
| 
| /* System header to define __stub macros and hopefully few prototypes,
|     which can conflict with char SSL_library_init (); below.
|     Prefer <limits.h> to <assert.h> if __STDC__ is defined, since
|     <limits.h> exists even on freestanding compilers.  */
| 
| #ifdef __STDC__
| # include <limits.h>
| #else
| # include <assert.h>
| #endif
| 
| #undef SSL_library_init
| 
| /* Override any GCC internal prototype to avoid an error.
|    Use char because int might match the return type of a GCC
|    builtin and then its argument prototype would still apply.  */
| #ifdef __cplusplus
| extern "C"
| #endif
| char SSL_library_init ();
| /* The GNU C library defines this for functions which it implements
|     to always fail with ENOSYS.  Some functions are actually named
|     something starting with __ and the normal name is an alias.  */
| #if defined __stub_SSL_library_init || defined __stub___SSL_library_init
| choke me
| #endif
| 
| int
| main ()
| {
| return SSL_library_init ();
|   ;
|   return 0;
| }
configure:14384: result: no
configure:14388: checking for SSL_library_init in -lssl
configure:14413: gcc -o conftest -no-cpp-precomp -fno-common -fno-strict-aliasing -g -O2   conftest.c -lssl    -lcrypto >&5
configure:14413: $? = 0
configure:14422: result: yes
configure:14453: checking spdylay/spdylay.h usability
configure:14453: gcc -c -no-cpp-precomp -fno-common -fno-strict-aliasing -g -O2  conftest.c >&5
conftest.c:124:10: fatal error: 'spdylay/spdylay.h' file not found
#include <spdylay/spdylay.h>
         ^
1 error generated.
configure:14453: $? = 1
configure: failed program was:
| /* confdefs.h */
| #define PACKAGE_NAME "libmicrohttpd"
| #define PACKAGE_TARNAME "libmicrohttpd"
| #define PACKAGE_VERSION "0.9.34"
| #define PACKAGE_STRING "libmicrohttpd 0.9.34"
| #define PACKAGE_BUGREPORT "libmicrohttpd@gnu.org"
| #define PACKAGE_URL ""
| #define PACKAGE "libmicrohttpd"
| #define VERSION "0.9.34"
| #define STDC_HEADERS 1
| #define HAVE_SYS_TYPES_H 1
| #define HAVE_SYS_STAT_H 1
| #define HAVE_STDLIB_H 1
| #define HAVE_STRING_H 1
| #define HAVE_MEMORY_H 1
| #define HAVE_STRINGS_H 1
| #define HAVE_INTTYPES_H 1
| #define HAVE_STDINT_H 1
| #define HAVE_UNISTD_H 1
| #define HAVE_DLFCN_H 1
| #define LT_OBJDIR ".libs/"
| #define HAVE_SOCKADDR_IN_SIN_LEN 1
| #define OSX 1
| #define EPOLL_SUPPORT 0
| #define HAVE_FCNTL_H 1
| #define HAVE_MATH_H 1
| #define HAVE_ERRNO_H 1
| #define HAVE_LIMITS_H 1
| #define HAVE_STDIO_H 1
| #define HAVE_LOCALE_H 1
| #define HAVE_SYS_STAT_H 1
| #define HAVE_SYS_TYPES_H 1
| #define HAVE_PTHREAD_H 1
| #define HAVE_SYS_TYPES_H 1
| #define HAVE_SYS_TIME_H 1
| #define HAVE_SYS_MSG_H 1
| #define HAVE_NETDB_H 1
| #define HAVE_NETINET_IN_H 1
| #define HAVE_NETINET_TCP_H 1
| #define HAVE_TIME_H 1
| #define HAVE_SYS_SOCKET_H 1
| #define HAVE_SYS_MMAN_H 1
| #define HAVE_ARPA_INET_H 1
| #define HAVE_SYS_SELECT_H 1
| #define HAVE_POLL_H 1
| #define HAVE_SEARCH_H 1
| #define HAVE_MEMMEM 1
| #define HAVE_INET6 1
| #define HAVE_DECL_TCP_CORK 0
| #define HAVE_DECL_TCP_NOPUSH 1
| #define HAVE_LIBCURL 1
| #define LIBCURL_FEATURE_SSL 1
| #define LIBCURL_FEATURE_IPV6 1
| #define LIBCURL_FEATURE_LIBZ 1
| #define LIBCURL_FEATURE_ASYNCHDNS 1
| #define LIBCURL_FEATURE_NTLM 1
| #define LIBCURL_FEATURE_NTLM_WB 1
| #define LIBCURL_PROTOCOL_DICT 1
| #define LIBCURL_PROTOCOL_FILE 1
| #define LIBCURL_PROTOCOL_FTP 1
| #define LIBCURL_PROTOCOL_FTPS 1
| #define LIBCURL_PROTOCOL_GOPHER 1
| #define LIBCURL_PROTOCOL_HTTP 1
| #define LIBCURL_PROTOCOL_HTTPS 1
| #define LIBCURL_PROTOCOL_IMAP 1
| #define LIBCURL_PROTOCOL_IMAPS 1
| #define LIBCURL_PROTOCOL_LDAP 1
| #define LIBCURL_PROTOCOL_LDAPS 1
| #define LIBCURL_PROTOCOL_POP3 1
| #define LIBCURL_PROTOCOL_POP3S 1
| #define LIBCURL_PROTOCOL_RTSP 1
| #define LIBCURL_PROTOCOL_SMTP 1
| #define LIBCURL_PROTOCOL_SMTPS 1
| #define LIBCURL_PROTOCOL_TELNET 1
| #define LIBCURL_PROTOCOL_TFTP 1
| #define HAVE_CURL_CURL_H 1
| #define MHD_REQ_CURL_VERSION "7.16.4"
| #define MHD_REQ_CURL_OPENSSL_VERSION "0.9.8"
| #define MHD_REQ_CURL_GNUTLS_VERSION "2.8.6"
| #define MHD_REQ_CURL_NSS_VERSION "3.12.0"
| #define HAVE_OPENSSL_ERR_H 1
| #define SPDY_SUPPORT 0
| #define HAVE_OPENSSL_EVP_H 1
| #define HAVE_OPENSSL_RSA_H 1
| #define HAVE_OPENSSL_RAND_H 1
| #define HAVE_OPENSSL_ERR_H 1
| #define HAVE_OPENSSL_SHA_H 1
| #define HAVE_OPENSSL_PEM_H 1
| #define HAVE_OPENSSL_ENGINE_H 1
| /* end confdefs.h.  */
| #include <stdio.h>
| #ifdef HAVE_SYS_TYPES_H
| # include <sys/types.h>
| #endif
| #ifdef HAVE_SYS_STAT_H
| # include <sys/stat.h>
| #endif
| #ifdef STDC_HEADERS
| # include <stdlib.h>
| # include <stddef.h>
| #else
| # ifdef HAVE_STDLIB_H
| #  include <stdlib.h>
| # endif
| #endif
| #ifdef HAVE_STRING_H
| # if !defined STDC_HEADERS && defined HAVE_MEMORY_H
| #  include <memory.h>
| # endif
| # include <string.h>
| #endif
| #ifdef HAVE_STRINGS_H
| # include <strings.h>
| #endif
| #ifdef HAVE_INTTYPES_H
| # include <inttypes.h>
| #endif
| #ifdef HAVE_STDINT_H
| # include <stdint.h>
| #endif
| #ifdef HAVE_UNISTD_H
| # include <unistd.h>
| #endif
| #include <spdylay/spdylay.h>
configure:14453: result: no
configure:14453: checking spdylay/spdylay.h presence
configure:14453: gcc -E  conftest.c
conftest.c:91:10: fatal error: 'spdylay/spdylay.h' file not found
#include <spdylay/spdylay.h>
         ^
1 error generated.
configure:14453: $? = 1
configure: failed program was:
| /* confdefs.h */
| #define PACKAGE_NAME "libmicrohttpd"
| #define PACKAGE_TARNAME "libmicrohttpd"
| #define PACKAGE_VERSION "0.9.34"
| #define PACKAGE_STRING "libmicrohttpd 0.9.34"
| #define PACKAGE_BUGREPORT "libmicrohttpd@gnu.org"
| #define PACKAGE_URL ""
| #define PACKAGE "libmicrohttpd"
| #define VERSION "0.9.34"
| #define STDC_HEADERS 1
| #define HAVE_SYS_TYPES_H 1
| #define HAVE_SYS_STAT_H 1
| #define HAVE_STDLIB_H 1
| #define HAVE_STRING_H 1
| #define HAVE_MEMORY_H 1
| #define HAVE_STRINGS_H 1
| #define HAVE_INTTYPES_H 1
| #define HAVE_STDINT_H 1
| #define HAVE_UNISTD_H 1
| #define HAVE_DLFCN_H 1
| #define LT_OBJDIR ".libs/"
| #define HAVE_SOCKADDR_IN_SIN_LEN 1
| #define OSX 1
| #define EPOLL_SUPPORT 0
| #define HAVE_FCNTL_H 1
| #define HAVE_MATH_H 1
| #define HAVE_ERRNO_H 1
| #define HAVE_LIMITS_H 1
| #define HAVE_STDIO_H 1
| #define HAVE_LOCALE_H 1
| #define HAVE_SYS_STAT_H 1
| #define HAVE_SYS_TYPES_H 1
| #define HAVE_PTHREAD_H 1
| #define HAVE_SYS_TYPES_H 1
| #define HAVE_SYS_TIME_H 1
| #define HAVE_SYS_MSG_H 1
| #define HAVE_NETDB_H 1
| #define HAVE_NETINET_IN_H 1
| #define HAVE_NETINET_TCP_H 1
| #define HAVE_TIME_H 1
| #define HAVE_SYS_SOCKET_H 1
| #define HAVE_SYS_MMAN_H 1
| #define HAVE_ARPA_INET_H 1
| #define HAVE_SYS_SELECT_H 1
| #define HAVE_POLL_H 1
| #define HAVE_SEARCH_H 1
| #define HAVE_MEMMEM 1
| #define HAVE_INET6 1
| #define HAVE_DECL_TCP_CORK 0
| #define HAVE_DECL_TCP_NOPUSH 1
| #define HAVE_LIBCURL 1
| #define LIBCURL_FEATURE_SSL 1
| #define LIBCURL_FEATURE_IPV6 1
| #define LIBCURL_FEATURE_LIBZ 1
| #define LIBCURL_FEATURE_ASYNCHDNS 1
| #define LIBCURL_FEATURE_NTLM 1
| #define LIBCURL_FEATURE_NTLM_WB 1
| #define LIBCURL_PROTOCOL_DICT 1
| #define LIBCURL_PROTOCOL_FILE 1
| #define LIBCURL_PROTOCOL_FTP 1
| #define LIBCURL_PROTOCOL_FTPS 1
| #define LIBCURL_PROTOCOL_GOPHER 1
| #define LIBCURL_PROTOCOL_HTTP 1
| #define LIBCURL_PROTOCOL_HTTPS 1
| #define LIBCURL_PROTOCOL_IMAP 1
| #define LIBCURL_PROTOCOL_IMAPS 1
| #define LIBCURL_PROTOCOL_LDAP 1
| #define LIBCURL_PROTOCOL_LDAPS 1
| #define LIBCURL_PROTOCOL_POP3 1
| #define LIBCURL_PROTOCOL_POP3S 1
| #define LIBCURL_PROTOCOL_RTSP 1
| #define LIBCURL_PROTOCOL_SMTP 1
| #define LIBCURL_PROTOCOL_SMTPS 1
| #define LIBCURL_PROTOCOL_TELNET 1
| #define LIBCURL_PROTOCOL_TFTP 1
| #define HAVE_CURL_CURL_H 1
| #define MHD_REQ_CURL_VERSION "7.16.4"
| #define MHD_REQ_CURL_OPENSSL_VERSION "0.9.8"
| #define MHD_REQ_CURL_GNUTLS_VERSION "2.8.6"
| #define MHD_REQ_CURL_NSS_VERSION "3.12.0"
| #define HAVE_OPENSSL_ERR_H 1
| #define SPDY_SUPPORT 0
| #define HAVE_OPENSSL_EVP_H 1
| #define HAVE_OPENSSL_RSA_H 1
| #define HAVE_OPENSSL_RAND_H 1
| #define HAVE_OPENSSL_ERR_H 1
| #define HAVE_OPENSSL_SHA_H 1
| #define HAVE_OPENSSL_PEM_H 1
| #define HAVE_OPENSSL_ENGINE_H 1
| /* end confdefs.h.  */
| #include <spdylay/spdylay.h>
configure:14453: result: no
configure:14453: checking for spdylay/spdylay.h
configure:14453: result: no
configure:14539: checking for special C compiler options needed for large files
configure:14584: result: no
configure:14590: checking for _FILE_OFFSET_BITS value needed for large files
configure:14615: gcc -c -no-cpp-precomp -fno-common -fno-strict-aliasing -g -O2  conftest.c >&5
configure:14615: $? = 0
configure:14647: result: no
configure:14732: checking for _LARGEFILE_SOURCE value needed for large files
configure:14751: gcc -o conftest -no-cpp-precomp -fno-common -fno-strict-aliasing -g -O2   conftest.c   >&5
configure:14751: $? = 0
configure:14779: result: no
configure:14802: checking whether to generate error messages
configure:14811: result: yes
configure:14826: checking whether to enable postprocessor
configure:14835: result: 
configure:14850: checking for zzuf
configure:14878: result: 0
configure:14888: checking for socat
configure:14916: result: 0
configure:14959: checking for libgcrypt-config
configure:14990: result: no
configure:15007: checking for LIBGCRYPT - version >= 1.2.2
configure:15044: result: no
configure:15090: checking for gnutls
configure:15212: result: --with-gnutls not specified
configure:15216: checking gnutls/gnutls.h usability
configure:15216: gcc -c -no-cpp-precomp -fno-common -fno-strict-aliasing -g -O2  conftest.c >&5
conftest.c:127:10: fatal error: 'gnutls/gnutls.h' file not found
#include <gnutls/gnutls.h>
         ^
1 error generated.
configure:15216: $? = 1
configure: failed program was:
| /* confdefs.h */
| #define PACKAGE_NAME "libmicrohttpd"
| #define PACKAGE_TARNAME "libmicrohttpd"
| #define PACKAGE_VERSION "0.9.34"
| #define PACKAGE_STRING "libmicrohttpd 0.9.34"
| #define PACKAGE_BUGREPORT "libmicrohttpd@gnu.org"
| #define PACKAGE_URL ""
| #define PACKAGE "libmicrohttpd"
| #define VERSION "0.9.34"
| #define STDC_HEADERS 1
| #define HAVE_SYS_TYPES_H 1
| #define HAVE_SYS_STAT_H 1
| #define HAVE_STDLIB_H 1
| #define HAVE_STRING_H 1
| #define HAVE_MEMORY_H 1
| #define HAVE_STRINGS_H 1
| #define HAVE_INTTYPES_H 1
| #define HAVE_STDINT_H 1
| #define HAVE_UNISTD_H 1
| #define HAVE_DLFCN_H 1
| #define LT_OBJDIR ".libs/"
| #define HAVE_SOCKADDR_IN_SIN_LEN 1
| #define OSX 1
| #define EPOLL_SUPPORT 0
| #define HAVE_FCNTL_H 1
| #define HAVE_MATH_H 1
| #define HAVE_ERRNO_H 1
| #define HAVE_LIMITS_H 1
| #define HAVE_STDIO_H 1
| #define HAVE_LOCALE_H 1
| #define HAVE_SYS_STAT_H 1
| #define HAVE_SYS_TYPES_H 1
| #define HAVE_PTHREAD_H 1
| #define HAVE_SYS_TYPES_H 1
| #define HAVE_SYS_TIME_H 1
| #define HAVE_SYS_MSG_H 1
| #define HAVE_NETDB_H 1
| #define HAVE_NETINET_IN_H 1
| #define HAVE_NETINET_TCP_H 1
| #define HAVE_TIME_H 1
| #define HAVE_SYS_SOCKET_H 1
| #define HAVE_SYS_MMAN_H 1
| #define HAVE_ARPA_INET_H 1
| #define HAVE_SYS_SELECT_H 1
| #define HAVE_POLL_H 1
| #define HAVE_SEARCH_H 1
| #define HAVE_MEMMEM 1
| #define HAVE_INET6 1
| #define HAVE_DECL_TCP_CORK 0
| #define HAVE_DECL_TCP_NOPUSH 1
| #define HAVE_LIBCURL 1
| #define LIBCURL_FEATURE_SSL 1
| #define LIBCURL_FEATURE_IPV6 1
| #define LIBCURL_FEATURE_LIBZ 1
| #define LIBCURL_FEATURE_ASYNCHDNS 1
| #define LIBCURL_FEATURE_NTLM 1
| #define LIBCURL_FEATURE_NTLM_WB 1
| #define LIBCURL_PROTOCOL_DICT 1
| #define LIBCURL_PROTOCOL_FILE 1
| #define LIBCURL_PROTOCOL_FTP 1
| #define LIBCURL_PROTOCOL_FTPS 1
| #define LIBCURL_PROTOCOL_GOPHER 1
| #define LIBCURL_PROTOCOL_HTTP 1
| #define LIBCURL_PROTOCOL_HTTPS 1
| #define LIBCURL_PROTOCOL_IMAP 1
| #define LIBCURL_PROTOCOL_IMAPS 1
| #define LIBCURL_PROTOCOL_LDAP 1
| #define LIBCURL_PROTOCOL_LDAPS 1
| #define LIBCURL_PROTOCOL_POP3 1
| #define LIBCURL_PROTOCOL_POP3S 1
| #define LIBCURL_PROTOCOL_RTSP 1
| #define LIBCURL_PROTOCOL_SMTP 1
| #define LIBCURL_PROTOCOL_SMTPS 1
| #define LIBCURL_PROTOCOL_TELNET 1
| #define LIBCURL_PROTOCOL_TFTP 1
| #define HAVE_CURL_CURL_H 1
| #define MHD_REQ_CURL_VERSION "7.16.4"
| #define MHD_REQ_CURL_OPENSSL_VERSION "0.9.8"
| #define MHD_REQ_CURL_GNUTLS_VERSION "2.8.6"
| #define MHD_REQ_CURL_NSS_VERSION "3.12.0"
| #define HAVE_OPENSSL_ERR_H 1
| #define SPDY_SUPPORT 0
| #define HAVE_OPENSSL_EVP_H 1
| #define HAVE_OPENSSL_RSA_H 1
| #define HAVE_OPENSSL_RAND_H 1
| #define HAVE_OPENSSL_ERR_H 1
| #define HAVE_OPENSSL_SHA_H 1
| #define HAVE_OPENSSL_PEM_H 1
| #define HAVE_OPENSSL_ENGINE_H 1
| #define HAVE_FSEEKO 1
| #define HAVE_MESSAGES 1
| #define MHD_GCRYPT_VERSION "1:1.2.2"
| /* end confdefs.h.  */
| #include <stdio.h>
| #ifdef HAVE_SYS_TYPES_H
| # include <sys/types.h>
| #endif
| #ifdef HAVE_SYS_STAT_H
| # include <sys/stat.h>
| #endif
| #ifdef STDC_HEADERS
| # include <stdlib.h>
| # include <stddef.h>
| #else
| # ifdef HAVE_STDLIB_H
| #  include <stdlib.h>
| # endif
| #endif
| #ifdef HAVE_STRING_H
| # if !defined STDC_HEADERS && defined HAVE_MEMORY_H
| #  include <memory.h>
| # endif
| # include <string.h>
| #endif
| #ifdef HAVE_STRINGS_H
| # include <strings.h>
| #endif
| #ifdef HAVE_INTTYPES_H
| # include <inttypes.h>
| #endif
| #ifdef HAVE_STDINT_H
| # include <stdint.h>
| #endif
| #ifdef HAVE_UNISTD_H
| # include <unistd.h>
| #endif
| #include <gnutls/gnutls.h>
configure:15216: result: no
configure:15216: checking gnutls/gnutls.h presence
configure:15216: gcc -E  conftest.c
conftest.c:94:10: fatal error: 'gnutls/gnutls.h' file not found
#include <gnutls/gnutls.h>
         ^
1 error generated.
configure:15216: $? = 1
configure: failed program was:
| /* confdefs.h */
| #define PACKAGE_NAME "libmicrohttpd"
| #define PACKAGE_TARNAME "libmicrohttpd"
| #define PACKAGE_VERSION "0.9.34"
| #define PACKAGE_STRING "libmicrohttpd 0.9.34"
| #define PACKAGE_BUGREPORT "libmicrohttpd@gnu.org"
| #define PACKAGE_URL ""
| #define PACKAGE "libmicrohttpd"
| #define VERSION "0.9.34"
| #define STDC_HEADERS 1
| #define HAVE_SYS_TYPES_H 1
| #define HAVE_SYS_STAT_H 1
| #define HAVE_STDLIB_H 1
| #define HAVE_STRING_H 1
| #define HAVE_MEMORY_H 1
| #define HAVE_STRINGS_H 1
| #define HAVE_INTTYPES_H 1
| #define HAVE_STDINT_H 1
| #define HAVE_UNISTD_H 1
| #define HAVE_DLFCN_H 1
| #define LT_OBJDIR ".libs/"
| #define HAVE_SOCKADDR_IN_SIN_LEN 1
| #define OSX 1
| #define EPOLL_SUPPORT 0
| #define HAVE_FCNTL_H 1
| #define HAVE_MATH_H 1
| #define HAVE_ERRNO_H 1
| #define HAVE_LIMITS_H 1
| #define HAVE_STDIO_H 1
| #define HAVE_LOCALE_H 1
| #define HAVE_SYS_STAT_H 1
| #define HAVE_SYS_TYPES_H 1
| #define HAVE_PTHREAD_H 1
| #define HAVE_SYS_TYPES_H 1
| #define HAVE_SYS_TIME_H 1
| #define HAVE_SYS_MSG_H 1
| #define HAVE_NETDB_H 1
| #define HAVE_NETINET_IN_H 1
| #define HAVE_NETINET_TCP_H 1
| #define HAVE_TIME_H 1
| #define HAVE_SYS_SOCKET_H 1
| #define HAVE_SYS_MMAN_H 1
| #define HAVE_ARPA_INET_H 1
| #define HAVE_SYS_SELECT_H 1
| #define HAVE_POLL_H 1
| #define HAVE_SEARCH_H 1
| #define HAVE_MEMMEM 1
| #define HAVE_INET6 1
| #define HAVE_DECL_TCP_CORK 0
| #define HAVE_DECL_TCP_NOPUSH 1
| #define HAVE_LIBCURL 1
| #define LIBCURL_FEATURE_SSL 1
| #define LIBCURL_FEATURE_IPV6 1
| #define LIBCURL_FEATURE_LIBZ 1
| #define LIBCURL_FEATURE_ASYNCHDNS 1
| #define LIBCURL_FEATURE_NTLM 1
| #define LIBCURL_FEATURE_NTLM_WB 1
| #define LIBCURL_PROTOCOL_DICT 1
| #define LIBCURL_PROTOCOL_FILE 1
| #define LIBCURL_PROTOCOL_FTP 1
| #define LIBCURL_PROTOCOL_FTPS 1
| #define LIBCURL_PROTOCOL_GOPHER 1
| #define LIBCURL_PROTOCOL_HTTP 1
| #define LIBCURL_PROTOCOL_HTTPS 1
| #define LIBCURL_PROTOCOL_IMAP 1
| #define LIBCURL_PROTOCOL_IMAPS 1
| #define LIBCURL_PROTOCOL_LDAP 1
| #define LIBCURL_PROTOCOL_LDAPS 1
| #define LIBCURL_PROTOCOL_POP3 1
| #define LIBCURL_PROTOCOL_POP3S 1
| #define LIBCURL_PROTOCOL_RTSP 1
| #define LIBCURL_PROTOCOL_SMTP 1
| #define LIBCURL_PROTOCOL_SMTPS 1
| #define LIBCURL_PROTOCOL_TELNET 1
| #define LIBCURL_PROTOCOL_TFTP 1
| #define HAVE_CURL_CURL_H 1
| #define MHD_REQ_CURL_VERSION "7.16.4"
| #define MHD_REQ_CURL_OPENSSL_VERSION "0.9.8"
| #define MHD_REQ_CURL_GNUTLS_VERSION "2.8.6"
| #define MHD_REQ_CURL_NSS_VERSION "3.12.0"
| #define HAVE_OPENSSL_ERR_H 1
| #define SPDY_SUPPORT 0
| #define HAVE_OPENSSL_EVP_H 1
| #define HAVE_OPENSSL_RSA_H 1
| #define HAVE_OPENSSL_RAND_H 1
| #define HAVE_OPENSSL_ERR_H 1
| #define HAVE_OPENSSL_SHA_H 1
| #define HAVE_OPENSSL_PEM_H 1
| #define HAVE_OPENSSL_ENGINE_H 1
| #define HAVE_FSEEKO 1
| #define HAVE_MESSAGES 1
| #define MHD_GCRYPT_VERSION "1:1.2.2"
| /* end confdefs.h.  */
| #include <gnutls/gnutls.h>
configure:15216: result: no
configure:15216: checking for gnutls/gnutls.h
configure:15216: result: no
configure:15284: checking whether to support HTTPS
configure:15313: result: no (lacking libgcrypt or libgnutls)
configure:15326: checking whether to support HTTP basic authentication
configure:15345: result: yes
configure:15357: checking whether to support HTTP digest authentication
configure:15376: result: yes
configure:15392: checking whether to compile with support for code coverage analysis
configure:15401: result: no
configure:15729: creating ./config.status

## ---------------------- ##
## Running config.status. ##
## ---------------------- ##

This file was extended by libmicrohttpd config.status 0.9.34, which was
generated by GNU Autoconf 2.69.  Invocation command line was

  CONFIG_FILES    = 
  CONFIG_HEADERS  = 
  CONFIG_LINKS    = 
  CONFIG_COMMANDS = 
  $ ./config.status 

on Declans-MacBook-Air.local

config.status:1300: creating src/microhttpd/microhttpd_dll_res.rc
config.status:1300: creating libmicrohttpd.pc
config.status:1300: creating Makefile
config.status:1300: creating contrib/Makefile
config.status:1300: creating doc/Makefile
config.status:1300: creating doc/doxygen/Makefile
config.status:1300: creating doc/examples/Makefile
config.status:1300: creating m4/Makefile
config.status:1300: creating src/Makefile
config.status:1300: creating src/include/Makefile
config.status:1300: creating src/platform/Makefile
config.status:1300: creating src/microhttpd/Makefile
config.status:1300: creating src/microspdy/Makefile
config.status:1300: creating src/spdy2http/Makefile
config.status:1300: creating src/examples/Makefile
config.status:1300: creating src/testcurl/Makefile
config.status:1300: creating src/testcurl/https/Makefile
config.status:1300: creating src/testspdy/Makefile
config.status:1300: creating src/testzzuf/Makefile
config.status:1300: creating MHD_config.h
config.status:1529: executing depfiles commands
config.status:1529: executing libtool commands
configure:18252: Configuration Summary:
  Operating System:  darwin13.1.0
  libgcrypt:         no, HTTPS will not be built
  libcurl (testing): yes
  Target directory:  /usr/local
  Messages:          yes
  Basic auth.:       yes
  Digest auth.:      yes
  Postproc:          yes
  HTTPS support:     no (lacking libgcrypt or libgnutls)
  epoll support:     
  libmicrospdy:      no
  spdylay (testing): no

configure:18279:
  License         :  LGPL or eCos


## ---------------- ##
## Cache variables. ##
## ---------------- ##

ac_cv_build=x86_64-apple-darwin13.1.0
ac_cv_c_bigendian=no
ac_cv_c_compiler_gnu=yes
ac_cv_env_CC_set=
ac_cv_env_CC_value=
ac_cv_env_CFLAGS_set=
ac_cv_env_CFLAGS_value=
ac_cv_env_CPPFLAGS_set=
ac_cv_env_CPPFLAGS_value=
ac_cv_env_CPP_set=
ac_cv_env_CPP_value=
ac_cv_env_LDFLAGS_set=
ac_cv_env_LDFLAGS_value=
ac_cv_env_LIBS_set=
ac_cv_env_LIBS_value=
ac_cv_env_build_alias_set=
ac_cv_env_build_alias_value=
ac_cv_env_host_alias_set=
ac_cv_env_host_alias_value=
ac_cv_env_target_alias_set=
ac_cv_env_target_alias_value=
ac_cv_func_SSL_library_init=no
ac_cv_func_accept4=no
ac_cv_func_curl_free=yes
ac_cv_func_dlopen=yes
ac_cv_func_memmem=yes
ac_cv_have_decl_TCP_CORK=no
ac_cv_have_decl_TCP_NOPUSH=yes
ac_cv_header_arpa_inet_h=yes
ac_cv_header_curl_curl_h=yes
ac_cv_header_dlfcn_h=yes
ac_cv_header_errno_h=yes
ac_cv_header_fcntl_h=yes
ac_cv_header_gcrypt_h=no
ac_cv_header_gnutls_gnutls_h=no
ac_cv_header_inttypes_h=yes
ac_cv_header_limits_h=yes
ac_cv_header_locale_h=yes
ac_cv_header_math_h=yes
ac_cv_header_memory_h=yes
ac_cv_header_netdb_h=yes
ac_cv_header_netinet_in_h=yes
ac_cv_header_netinet_tcp_h=yes
ac_cv_header_openssl_engine_h=yes
ac_cv_header_openssl_err_h=yes
ac_cv_header_openssl_evp_h=yes
ac_cv_header_openssl_pem_h=yes
ac_cv_header_openssl_rand_h=yes
ac_cv_header_openssl_rsa_h=yes
ac_cv_header_openssl_sha_h=yes
ac_cv_header_poll_h=yes
ac_cv_header_pthread_h=yes
ac_cv_header_search_h=yes
ac_cv_header_spdylay_spdylay_h=no
ac_cv_header_stdc=yes
ac_cv_header_stdint_h=yes
ac_cv_header_stdio_h=yes
ac_cv_header_stdlib_h=yes
ac_cv_header_string_h=yes
ac_cv_header_strings_h=yes
ac_cv_header_sys_mman_h=yes
ac_cv_header_sys_msg_h=yes
ac_cv_header_sys_select_h=yes
ac_cv_header_sys_socket_h=yes
ac_cv_header_sys_stat_h=yes
ac_cv_header_sys_time_h=yes
ac_cv_header_sys_types_h=yes
ac_cv_header_time_h=yes
ac_cv_header_unistd_h=yes
ac_cv_host=x86_64-apple-darwin13.1.0
ac_cv_lib_crypto_SHA1_Init=yes
ac_cv_lib_magic_magic_open=no
ac_cv_lib_ssl_SSL_CTX_set_next_protos_advertised_cb=no
ac_cv_lib_ssl_SSL_library_init=yes
ac_cv_member_struct_sockaddr_in_sin_len=yes
ac_cv_objext=o
ac_cv_path_EGREP='/usr/bin/grep -E'
ac_cv_path_FGREP='/usr/bin/grep -F'
ac_cv_path_GREP=/usr/bin/grep
ac_cv_path_LIBGCRYPT_CONFIG=no
ac_cv_path_SED=/usr/bin/sed
ac_cv_path__libcurl_config=/usr/bin/curl-config
ac_cv_path_install='/usr/bin/install -c'
ac_cv_prog_AWK=awk
ac_cv_prog_CPP='gcc -E'
ac_cv_prog_HAVE_CURL_BINARY=true
ac_cv_prog_HAVE_MAKEINFO_BINARY=true
ac_cv_prog_HAVE_SOCAT=0
ac_cv_prog_HAVE_ZZUF=0
ac_cv_prog_ac_ct_AR=ar
ac_cv_prog_ac_ct_CC=gcc
ac_cv_prog_ac_ct_DSYMUTIL=dsymutil
ac_cv_prog_ac_ct_LIPO=lipo
ac_cv_prog_ac_ct_NMEDIT=nmedit
ac_cv_prog_ac_ct_OTOOL=otool
ac_cv_prog_ac_ct_RANLIB=ranlib
ac_cv_prog_ac_ct_STRIP=strip
ac_cv_prog_cc_c89=
ac_cv_prog_cc_g=yes
ac_cv_prog_cc_gcc_c_o=yes
ac_cv_prog_make_make_set=yes
ac_cv_search_clock_gettime=no
ac_cv_sys_file_offset_bits=no
ac_cv_sys_largefile_CC=no
ac_cv_sys_largefile_source=no
am_cv_CC_dependencies_compiler_type=gcc3
am_cv_make_support_nested_variables=yes
libcurl_cv_lib_curl_usable=yes
libcurl_cv_lib_curl_version=7.30.0
lt_cv_apple_cc_single_mod=yes
lt_cv_ar_at_file=no
lt_cv_deplibs_check_method=pass_all
lt_cv_file_magic_cmd='$MAGIC_CMD'
lt_cv_file_magic_test_file=
lt_cv_ld_exported_symbols_list=yes
lt_cv_ld_force_load=yes
lt_cv_ld_reload_flag=-r
lt_cv_nm_interface='BSD nm'
lt_cv_objdir=.libs
lt_cv_path_LD=/Library/Developer/CommandLineTools/usr/bin/ld
lt_cv_path_NM=/usr/bin/nm
lt_cv_path_mainfest_tool=no
lt_cv_prog_compiler_c_o=yes
lt_cv_prog_compiler_c_o_RC=yes
lt_cv_prog_compiler_pic='-fno-common -DPIC'
lt_cv_prog_compiler_pic_works=yes
lt_cv_prog_compiler_rtti_exceptions=yes
lt_cv_prog_compiler_static_works=no
lt_cv_prog_gnu_ld=no
lt_cv_sharedlib_from_linklib_cmd='printf %s\n'
lt_cv_sys_global_symbol_pipe='sed -n -e '\''s/^.*[	 ]\([BCDEGRST][BCDEGRST]*\)[	 ][	 ]*_\([_A-Za-z][_A-Za-z0-9]*\)$/\1 _\2 \2/p'\'' | sed '\''/ __gnu_lto/d'\'''
lt_cv_sys_global_symbol_to_c_name_address='sed -n -e '\''s/^: \([^ ]*\)[ ]*$/  {\"\1\", (void *) 0},/p'\'' -e '\''s/^[BCDEGRST]* \([^ ]*\) \([^ ]*\)$/  {"\2", (void *) \&\2},/p'\'''
lt_cv_sys_global_symbol_to_c_name_address_lib_prefix='sed -n -e '\''s/^: \([^ ]*\)[ ]*$/  {\"\1\", (void *) 0},/p'\'' -e '\''s/^[BCDEGRST]* \([^ ]*\) \(lib[^ ]*\)$/  {"\2", (void *) \&\2},/p'\'' -e '\''s/^[BCDEGRST]* \([^ ]*\) \([^ ]*\)$/  {"lib\2", (void *) \&\2},/p'\'''
lt_cv_sys_global_symbol_to_cdecl='sed -n -e '\''s/^T .* \(.*\)$/extern int \1();/p'\'' -e '\''s/^[BCDEGRST]* .* \(.*\)$/extern char \1;/p'\'''
lt_cv_sys_max_cmd_len=196608
lt_cv_to_host_file_cmd=func_convert_file_noop
lt_cv_to_tool_file_cmd=func_convert_file_noop

## ----------------- ##
## Output variables. ##
## ----------------- ##

ACLOCAL='${SHELL} /Users/Deco/workspace/sep/thermalprototype/libmicrohttpd-0.9.34/missing --run aclocal-1.11'
AMDEPBACKSLASH='\'
AMDEP_FALSE='#'
AMDEP_TRUE=''
AMTAR='$${TAR-tar}'
AM_BACKSLASH='\'
AM_DEFAULT_V='$(AM_DEFAULT_VERBOSITY)'
AM_DEFAULT_VERBOSITY='1'
AM_V='$(V)'
AR='ar'
AS='as'
AUTOCONF='${SHELL} /Users/Deco/workspace/sep/thermalprototype/libmicrohttpd-0.9.34/missing --run autoconf'
AUTOHEADER='${SHELL} /Users/Deco/workspace/sep/thermalprototype/libmicrohttpd-0.9.34/missing --run autoheader'
AUTOMAKE='${SHELL} /Users/Deco/workspace/sep/thermalprototype/libmicrohttpd-0.9.34/missing --run automake-1.11'
AWK='awk'
CC='gcc'
CCDEPMODE='depmode=gcc3'
CFLAGS='-no-cpp-precomp -fno-common -fno-strict-aliasing -g -O2'
CPP='gcc -E'
CPPFLAGS=''
CYGPATH_W='echo'
DEFS='-DHAVE_CONFIG_H'
DEPDIR='.deps'
DLLTOOL='false'
DSYMUTIL='dsymutil'
DUMPBIN=''
ECHO_C='\c'
ECHO_N=''
ECHO_T=''
EGREP='/usr/bin/grep -E'
ENABLE_BAUTH_FALSE='#'
ENABLE_BAUTH_TRUE=''
ENABLE_DAUTH_FALSE='#'
ENABLE_DAUTH_TRUE=''
ENABLE_EPOLL_FALSE='#'
ENABLE_EPOLL_TRUE=''
ENABLE_HTTPS_FALSE=''
ENABLE_HTTPS_TRUE='#'
ENABLE_MINITASN1_FALSE='#'
ENABLE_MINITASN1_TRUE=''
ENABLE_OPENSSL_FALSE=''
ENABLE_OPENSSL_TRUE='#'
ENABLE_SPDY_FALSE=''
ENABLE_SPDY_TRUE='#'
EXEEXT=''
EXT_LIBS=''
EXT_LIB_PATH=''
FGREP='/usr/bin/grep -F'
GREP='/usr/bin/grep'
HAVE_CURL_BINARY='true'
HAVE_CURL_BINARY_FALSE='#'
HAVE_CURL_BINARY_TRUE=''
HAVE_CURL_FALSE='#'
HAVE_CURL_TRUE=''
HAVE_GNUTLS_FALSE=''
HAVE_GNUTLS_TRUE='#'
HAVE_GNU_LD_FALSE=''
HAVE_GNU_LD_TRUE='#'
HAVE_LD_OUTPUT_DEF_FALSE=''
HAVE_LD_OUTPUT_DEF_TRUE='#'
HAVE_LD_VERSION_SCRIPT_FALSE=''
HAVE_LD_VERSION_SCRIPT_TRUE='#'
HAVE_MAGIC_FALSE=''
HAVE_MAGIC_TRUE='#'
HAVE_MAKEINFO_BINARY='true'
HAVE_MAKEINFO_BINARY_FALSE='#'
HAVE_MAKEINFO_BINARY_TRUE=''
HAVE_OPENSSL_FALSE=''
HAVE_OPENSSL_TRUE='#'
HAVE_POSTPROCESSOR_FALSE='#'
HAVE_POSTPROCESSOR_TRUE=''
HAVE_SOCAT='0'
HAVE_SOCAT_FALSE=''
HAVE_SOCAT_TRUE='#'
HAVE_SPDYLAY_FALSE=''
HAVE_SPDYLAY_TRUE='#'
HAVE_TSEARCH_FALSE='#'
HAVE_TSEARCH_TRUE=''
HAVE_W32_FALSE=''
HAVE_W32_TRUE='#'
HAVE_ZZUF='0'
HAVE_ZZUF_FALSE=''
HAVE_ZZUF_TRUE='#'
HIDDEN_VISIBILITY_CFLAGS=''
INSTALL_DATA='${INSTALL} -m 644'
INSTALL_PROGRAM='${INSTALL}'
INSTALL_SCRIPT='${INSTALL}'
INSTALL_STRIP_PROGRAM='$(install_sh) -c -s'
LD='/Library/Developer/CommandLineTools/usr/bin/ld'
LDFLAGS=''
LIBCURL='-lcurl'
LIBCURL_CPPFLAGS=''
LIBGCRYPT_CFLAGS=''
LIBGCRYPT_CONFIG='no'
LIBGCRYPT_LIBS=''
LIBOBJS=''
LIBS=' '
LIBSPDY_VERSION_AGE='0'
LIBSPDY_VERSION_CURRENT='0'
LIBSPDY_VERSION_REVISION='0'
LIBTOOL='$(SHELL) $(top_builddir)/libtool'
LIB_VERSION_AGE='23'
LIB_VERSION_CURRENT='33'
LIB_VERSION_REVISION='0'
LIPO='lipo'
LN_S='ln -s'
LTLIBOBJS=''
MAKEINFO='${SHELL} /Users/Deco/workspace/sep/thermalprototype/libmicrohttpd-0.9.34/missing --run makeinfo'
MANIFEST_TOOL=':'
MHD_LIBDEPS=''
MHD_LIB_LDFLAGS='-export-dynamic -no-undefined'
MKDIR_P='./install-sh -c -d'
MS_LIB_TOOL=''
NM='/usr/bin/nm'
NMEDIT='nmedit'
OBJDUMP='false'
OBJEXT='o'
OTOOL64=':'
OTOOL='otool'
PACKAGE='libmicrohttpd'
PACKAGE_BUGREPORT='libmicrohttpd@gnu.org'
PACKAGE_NAME='libmicrohttpd'
PACKAGE_STRING='libmicrohttpd 0.9.34'
PACKAGE_TARNAME='libmicrohttpd'
PACKAGE_URL=''
PACKAGE_VERSION='0.9.34'
PACKAGE_VERSION_MAJOR='0'
PACKAGE_VERSION_MINOR='9'
PACKAGE_VERSION_SUBMINOR='34'
PATH_SEPARATOR=':'
PTHREAD_CPPFLAGS=''
PTHREAD_LDFLAGS=''
PTHREAD_LIBS=''
RANLIB='ranlib'
RC=''
SED='/usr/bin/sed'
SET_MAKE=''
SHELL='/bin/sh'
SPDY_LIBDEPS=''
SPDY_LIB_LDFLAGS=''
STRIP='strip'
USE_COVERAGE_FALSE=''
USE_COVERAGE_TRUE='#'
USE_MS_LIB_TOOL_FALSE=''
USE_MS_LIB_TOOL_TRUE='#'
VERSION='0.9.34'
W32_SHARED_LIB_EXP_FALSE=''
W32_SHARED_LIB_EXP_TRUE='#'
W32_STATIC_LIB_FALSE=''
W32_STATIC_LIB_TRUE='#'
_libcurl_config=''
ac_ct_AR='ar'
ac_ct_CC='gcc'
ac_ct_DUMPBIN=''
am__EXEEXT_FALSE=''
am__EXEEXT_TRUE='#'
am__fastdepCC_FALSE='#'
am__fastdepCC_TRUE=''
am__include='include'
am__isrc=''
am__leading_dot='.'
am__nodep='_no'
am__quote=''
am__tar='$${TAR-tar} chof - "$$tardir"'
am__untar='$${TAR-tar} xf -'
bindir='${exec_prefix}/bin'
build='x86_64-apple-darwin13.1.0'
build_alias=''
build_cpu='x86_64'
build_os='darwin13.1.0'
build_vendor='apple'
datadir='${datarootdir}'
datarootdir='${prefix}/share'
docdir='${datarootdir}/doc/${PACKAGE_TARNAME}'
dvidir='${docdir}'
exec_prefix='${prefix}'
host='x86_64-apple-darwin13.1.0'
host_alias=''
host_cpu='x86_64'
host_os='darwin13.1.0'
host_vendor='apple'
htmldir='${docdir}'
includedir='${prefix}/include'
infodir='${datarootdir}/info'
install_sh='${SHELL} /Users/Deco/workspace/sep/thermalprototype/libmicrohttpd-0.9.34/install-sh'
libdir='${exec_prefix}/lib'
libexecdir='${exec_prefix}/libexec'
localedir='${datarootdir}/locale'
localstatedir='${prefix}/var'
lt_cv_objdir='.libs'
mandir='${datarootdir}/man'
mkdir_p='$(top_builddir)/./install-sh -c -d'
oldincludedir='/usr/include'
pdfdir='${docdir}'
prefix='/usr/local'
program_transform_name='s,x,x,'
psdir='${docdir}'
sbindir='${exec_prefix}/sbin'
sharedstatedir='${prefix}/com'
sysconfdir='${prefix}/etc'
target_alias=''

## ----------- ##
## confdefs.h. ##
## ----------- ##

/* confdefs.h */
#define PACKAGE_NAME "libmicrohttpd"
#define PACKAGE_TARNAME "libmicrohttpd"
#define PACKAGE_VERSION "0.9.34"
#define PACKAGE_STRING "libmicrohttpd 0.9.34"
#define PACKAGE_BUGREPORT "libmicrohttpd@gnu.org"
#define PACKAGE_URL ""
#define PACKAGE "libmicrohttpd"
#define VERSION "0.9.34"
#define STDC_HEADERS 1
#define HAVE_SYS_TYPES_H 1
#define HAVE_SYS_STAT_H 1
#define HAVE_STDLIB_H 1
#define HAVE_STRING_H 1
#define HAVE_MEMORY_H 1
#define HAVE_STRINGS_H 1
#define HAVE_INTTYPES_H 1
#define HAVE_STDINT_H 1
#define HAVE_UNISTD_H 1
#define HAVE_DLFCN_H 1
#define LT_OBJDIR ".libs/"
#define HAVE_SOCKADDR_IN_SIN_LEN 1
#define OSX 1
#define EPOLL_SUPPORT 0
#define HAVE_FCNTL_H 1
#define HAVE_MATH_H 1
#define HAVE_ERRNO_H 1
#define HAVE_LIMITS_H 1
#define HAVE_STDIO_H 1
#define HAVE_LOCALE_H 1
#define HAVE_SYS_STAT_H 1
#define HAVE_SYS_TYPES_H 1
#define HAVE_PTHREAD_H 1
#define HAVE_SYS_TYPES_H 1
#define HAVE_SYS_TIME_H 1
#define HAVE_SYS_MSG_H 1
#define HAVE_NETDB_H 1
#define HAVE_NETINET_IN_H 1
#define HAVE_NETINET_TCP_H 1
#define HAVE_TIME_H 1
#define HAVE_SYS_SOCKET_H 1
#define HAVE_SYS_MMAN_H 1
#define HAVE_ARPA_INET_H 1
#define HAVE_SYS_SELECT_H 1
#define HAVE_POLL_H 1
#define HAVE_SEARCH_H 1
#define HAVE_MEMMEM 1
#define HAVE_INET6 1
#define HAVE_DECL_TCP_CORK 0
#define HAVE_DECL_TCP_NOPUSH 1
#define HAVE_LIBCURL 1
#define LIBCURL_FEATURE_SSL 1
#define LIBCURL_FEATURE_IPV6 1
#define LIBCURL_FEATURE_LIBZ 1
#define LIBCURL_FEATURE_ASYNCHDNS 1
#define LIBCURL_FEATURE_NTLM 1
#define LIBCURL_FEATURE_NTLM_WB 1
#define LIBCURL_PROTOCOL_DICT 1
#define LIBCURL_PROTOCOL_FILE 1
#define LIBCURL_PROTOCOL_FTP 1
#define LIBCURL_PROTOCOL_FTPS 1
#define LIBCURL_PROTOCOL_GOPHER 1
#define LIBCURL_PROTOCOL_HTTP 1
#define LIBCURL_PROTOCOL_HTTPS 1
#define LIBCURL_PROTOCOL_IMAP 1
#define LIBCURL_PROTOCOL_IMAPS 1
#define LIBCURL_PROTOCOL_LDAP 1
#define LIBCURL_PROTOCOL_LDAPS 1
#define LIBCURL_PROTOCOL_POP3 1
#define LIBCURL_PROTOCOL_POP3S 1
#define LIBCURL_PROTOCOL_RTSP 1
#define LIBCURL_PROTOCOL_SMTP 1
#define LIBCURL_PROTOCOL_SMTPS 1
#define LIBCURL_PROTOCOL_TELNET 1
#define LIBCURL_PROTOCOL_TFTP 1
#define HAVE_CURL_CURL_H 1
#define MHD_REQ_CURL_VERSION "7.16.4"
#define MHD_REQ_CURL_OPENSSL_VERSION "0.9.8"
#define MHD_REQ_CURL_GNUTLS_VERSION "2.8.6"
#define MHD_REQ_CURL_NSS_VERSION "3.12.0"
#define HAVE_OPENSSL_ERR_H 1
#define SPDY_SUPPORT 0
#define HAVE_OPENSSL_EVP_H 1
#define HAVE_OPENSSL_RSA_H 1
#define HAVE_OPENSSL_RAND_H 1
#define HAVE_OPENSSL_ERR_H 1
#define HAVE_OPENSSL_SHA_H 1
#define HAVE_OPENSSL_PEM_H 1
#define HAVE_OPENSSL_ENGINE_H 1
#define HAVE_FSEEKO 1
#define HAVE_MESSAGES 1
#define MHD_GCRYPT_VERSION "1:1.2.2"
#define HAVE_GNUTLS 0
#define HTTPS_SUPPORT 0
#define BAUTH_SUPPORT 1
#define DAUTH_SUPPORT 1

configure: exit 0
